[2024-07-19T00:39:09.558+0000] {processor.py:161} INFO - Started process (PID=68) to work on /home/airflow/.local/lib/python3.12/site-packages/airflow/example_dags/example_datasets.py
[2024-07-19T00:39:09.559+0000] {processor.py:830} INFO - Processing file /home/airflow/.local/lib/python3.12/site-packages/airflow/example_dags/example_datasets.py for tasks to queue
[2024-07-19T00:39:09.560+0000] {logging_mixin.py:188} INFO - [2024-07-19T00:39:09.560+0000] {dagbag.py:545} INFO - Filling up the DagBag from /home/airflow/.local/lib/python3.12/site-packages/airflow/example_dags/example_datasets.py
[2024-07-19T00:39:09.579+0000] {processor.py:840} INFO - DAG(s) 'dataset_produces_1', 'consume_1_or_both_2_and_3_with_dataset_expressions', 'consume_1_and_2_with_dataset_expressions', 'dataset_consumes_unknown_never_scheduled', 'dataset_consumes_1_and_2', 'consume_1_or_2_with_dataset_expressions', 'dataset_consumes_1_never_scheduled', 'dataset_produces_2', 'dataset_consumes_1', 'conditional_dataset_and_time_based_timetable' retrieved from /home/airflow/.local/lib/python3.12/site-packages/airflow/example_dags/example_datasets.py
[2024-07-19T00:39:09.595+0000] {logging_mixin.py:188} INFO - [2024-07-19T00:39:09.595+0000] {dag.py:3089} INFO - Sync 10 DAGs
[2024-07-19T00:39:09.616+0000] {logging_mixin.py:188} INFO - [2024-07-19T00:39:09.616+0000] {dag.py:3947} INFO - Setting next_dagrun for conditional_dataset_and_time_based_timetable to 2024-07-17 01:00:00+00:00, run_after=2024-07-17 01:00:00+00:00
[2024-07-19T00:39:09.619+0000] {logging_mixin.py:188} INFO - [2024-07-19T00:39:09.619+0000] {dag.py:3947} INFO - Setting next_dagrun for consume_1_and_2_with_dataset_expressions to None, run_after=None
[2024-07-19T00:39:09.620+0000] {logging_mixin.py:188} INFO - [2024-07-19T00:39:09.620+0000] {dag.py:3947} INFO - Setting next_dagrun for consume_1_or_2_with_dataset_expressions to None, run_after=None
[2024-07-19T00:39:09.621+0000] {logging_mixin.py:188} INFO - [2024-07-19T00:39:09.621+0000] {dag.py:3947} INFO - Setting next_dagrun for consume_1_or_both_2_and_3_with_dataset_expressions to None, run_after=None
[2024-07-19T00:39:09.622+0000] {logging_mixin.py:188} INFO - [2024-07-19T00:39:09.622+0000] {dag.py:3947} INFO - Setting next_dagrun for dataset_consumes_1 to None, run_after=None
[2024-07-19T00:39:09.622+0000] {logging_mixin.py:188} INFO - [2024-07-19T00:39:09.622+0000] {dag.py:3947} INFO - Setting next_dagrun for dataset_consumes_1_and_2 to None, run_after=None
[2024-07-19T00:39:09.623+0000] {logging_mixin.py:188} INFO - [2024-07-19T00:39:09.623+0000] {dag.py:3947} INFO - Setting next_dagrun for dataset_consumes_1_never_scheduled to None, run_after=None
[2024-07-19T00:39:09.624+0000] {logging_mixin.py:188} INFO - [2024-07-19T00:39:09.624+0000] {dag.py:3947} INFO - Setting next_dagrun for dataset_consumes_unknown_never_scheduled to None, run_after=None
[2024-07-19T00:39:09.626+0000] {logging_mixin.py:188} INFO - [2024-07-19T00:39:09.626+0000] {dag.py:3947} INFO - Setting next_dagrun for dataset_produces_1 to 2024-07-18 00:00:00+00:00, run_after=2024-07-19 00:00:00+00:00
[2024-07-19T00:39:09.627+0000] {logging_mixin.py:188} INFO - [2024-07-19T00:39:09.627+0000] {dag.py:3947} INFO - Setting next_dagrun for dataset_produces_2 to None, run_after=None
[2024-07-19T00:39:09.658+0000] {processor.py:183} INFO - Processing /home/airflow/.local/lib/python3.12/site-packages/airflow/example_dags/example_datasets.py took 0.105 seconds
[2024-07-19T00:39:40.487+0000] {processor.py:161} INFO - Started process (PID=125) to work on /home/airflow/.local/lib/python3.12/site-packages/airflow/example_dags/example_datasets.py
[2024-07-19T00:39:40.488+0000] {processor.py:830} INFO - Processing file /home/airflow/.local/lib/python3.12/site-packages/airflow/example_dags/example_datasets.py for tasks to queue
[2024-07-19T00:39:40.489+0000] {logging_mixin.py:188} INFO - [2024-07-19T00:39:40.489+0000] {dagbag.py:545} INFO - Filling up the DagBag from /home/airflow/.local/lib/python3.12/site-packages/airflow/example_dags/example_datasets.py
[2024-07-19T00:39:40.502+0000] {processor.py:840} INFO - DAG(s) 'consume_1_or_2_with_dataset_expressions', 'conditional_dataset_and_time_based_timetable', 'dataset_consumes_1', 'consume_1_and_2_with_dataset_expressions', 'dataset_consumes_1_never_scheduled', 'dataset_consumes_unknown_never_scheduled', 'dataset_produces_2', 'consume_1_or_both_2_and_3_with_dataset_expressions', 'dataset_consumes_1_and_2', 'dataset_produces_1' retrieved from /home/airflow/.local/lib/python3.12/site-packages/airflow/example_dags/example_datasets.py
[2024-07-19T00:39:40.692+0000] {logging_mixin.py:188} INFO - [2024-07-19T00:39:40.692+0000] {dag.py:3089} INFO - Sync 10 DAGs
[2024-07-19T00:39:40.713+0000] {logging_mixin.py:188} INFO - [2024-07-19T00:39:40.712+0000] {dag.py:3947} INFO - Setting next_dagrun for conditional_dataset_and_time_based_timetable to 2024-07-17 01:00:00+00:00, run_after=2024-07-17 01:00:00+00:00
[2024-07-19T00:39:40.715+0000] {logging_mixin.py:188} INFO - [2024-07-19T00:39:40.715+0000] {dag.py:3947} INFO - Setting next_dagrun for consume_1_and_2_with_dataset_expressions to None, run_after=None
[2024-07-19T00:39:40.716+0000] {logging_mixin.py:188} INFO - [2024-07-19T00:39:40.716+0000] {dag.py:3947} INFO - Setting next_dagrun for consume_1_or_2_with_dataset_expressions to None, run_after=None
[2024-07-19T00:39:40.717+0000] {logging_mixin.py:188} INFO - [2024-07-19T00:39:40.717+0000] {dag.py:3947} INFO - Setting next_dagrun for consume_1_or_both_2_and_3_with_dataset_expressions to None, run_after=None
[2024-07-19T00:39:40.718+0000] {logging_mixin.py:188} INFO - [2024-07-19T00:39:40.718+0000] {dag.py:3947} INFO - Setting next_dagrun for dataset_consumes_1 to None, run_after=None
[2024-07-19T00:39:40.719+0000] {logging_mixin.py:188} INFO - [2024-07-19T00:39:40.719+0000] {dag.py:3947} INFO - Setting next_dagrun for dataset_consumes_1_and_2 to None, run_after=None
[2024-07-19T00:39:40.720+0000] {logging_mixin.py:188} INFO - [2024-07-19T00:39:40.720+0000] {dag.py:3947} INFO - Setting next_dagrun for dataset_consumes_1_never_scheduled to None, run_after=None
[2024-07-19T00:39:40.721+0000] {logging_mixin.py:188} INFO - [2024-07-19T00:39:40.721+0000] {dag.py:3947} INFO - Setting next_dagrun for dataset_consumes_unknown_never_scheduled to None, run_after=None
[2024-07-19T00:39:40.723+0000] {logging_mixin.py:188} INFO - [2024-07-19T00:39:40.722+0000] {dag.py:3947} INFO - Setting next_dagrun for dataset_produces_1 to 2024-07-18 00:00:00+00:00, run_after=2024-07-19 00:00:00+00:00
[2024-07-19T00:39:40.723+0000] {logging_mixin.py:188} INFO - [2024-07-19T00:39:40.723+0000] {dag.py:3947} INFO - Setting next_dagrun for dataset_produces_2 to None, run_after=None
[2024-07-19T00:39:40.754+0000] {processor.py:183} INFO - Processing /home/airflow/.local/lib/python3.12/site-packages/airflow/example_dags/example_datasets.py took 0.272 seconds
[2024-07-19T00:40:11.134+0000] {processor.py:161} INFO - Started process (PID=183) to work on /home/airflow/.local/lib/python3.12/site-packages/airflow/example_dags/example_datasets.py
[2024-07-19T00:40:11.135+0000] {processor.py:830} INFO - Processing file /home/airflow/.local/lib/python3.12/site-packages/airflow/example_dags/example_datasets.py for tasks to queue
[2024-07-19T00:40:11.137+0000] {logging_mixin.py:188} INFO - [2024-07-19T00:40:11.136+0000] {dagbag.py:545} INFO - Filling up the DagBag from /home/airflow/.local/lib/python3.12/site-packages/airflow/example_dags/example_datasets.py
[2024-07-19T00:40:11.149+0000] {processor.py:840} INFO - DAG(s) 'consume_1_and_2_with_dataset_expressions', 'consume_1_or_both_2_and_3_with_dataset_expressions', 'dataset_produces_1', 'dataset_consumes_unknown_never_scheduled', 'dataset_consumes_1_never_scheduled', 'dataset_produces_2', 'conditional_dataset_and_time_based_timetable', 'dataset_consumes_1_and_2', 'consume_1_or_2_with_dataset_expressions', 'dataset_consumes_1' retrieved from /home/airflow/.local/lib/python3.12/site-packages/airflow/example_dags/example_datasets.py
[2024-07-19T00:40:11.196+0000] {logging_mixin.py:188} INFO - [2024-07-19T00:40:11.196+0000] {dag.py:3089} INFO - Sync 10 DAGs
[2024-07-19T00:40:11.223+0000] {logging_mixin.py:188} INFO - [2024-07-19T00:40:11.223+0000] {dag.py:3947} INFO - Setting next_dagrun for conditional_dataset_and_time_based_timetable to 2024-07-17 01:00:00+00:00, run_after=2024-07-17 01:00:00+00:00
[2024-07-19T00:40:11.228+0000] {logging_mixin.py:188} INFO - [2024-07-19T00:40:11.227+0000] {dag.py:3947} INFO - Setting next_dagrun for consume_1_and_2_with_dataset_expressions to None, run_after=None
[2024-07-19T00:40:11.229+0000] {logging_mixin.py:188} INFO - [2024-07-19T00:40:11.229+0000] {dag.py:3947} INFO - Setting next_dagrun for consume_1_or_2_with_dataset_expressions to None, run_after=None
[2024-07-19T00:40:11.230+0000] {logging_mixin.py:188} INFO - [2024-07-19T00:40:11.230+0000] {dag.py:3947} INFO - Setting next_dagrun for consume_1_or_both_2_and_3_with_dataset_expressions to None, run_after=None
[2024-07-19T00:40:11.231+0000] {logging_mixin.py:188} INFO - [2024-07-19T00:40:11.231+0000] {dag.py:3947} INFO - Setting next_dagrun for dataset_consumes_1 to None, run_after=None
[2024-07-19T00:40:11.232+0000] {logging_mixin.py:188} INFO - [2024-07-19T00:40:11.232+0000] {dag.py:3947} INFO - Setting next_dagrun for dataset_consumes_1_and_2 to None, run_after=None
[2024-07-19T00:40:11.233+0000] {logging_mixin.py:188} INFO - [2024-07-19T00:40:11.233+0000] {dag.py:3947} INFO - Setting next_dagrun for dataset_consumes_1_never_scheduled to None, run_after=None
[2024-07-19T00:40:11.234+0000] {logging_mixin.py:188} INFO - [2024-07-19T00:40:11.234+0000] {dag.py:3947} INFO - Setting next_dagrun for dataset_consumes_unknown_never_scheduled to None, run_after=None
[2024-07-19T00:40:11.237+0000] {logging_mixin.py:188} INFO - [2024-07-19T00:40:11.237+0000] {dag.py:3947} INFO - Setting next_dagrun for dataset_produces_1 to 2024-07-18 00:00:00+00:00, run_after=2024-07-19 00:00:00+00:00
[2024-07-19T00:40:11.238+0000] {logging_mixin.py:188} INFO - [2024-07-19T00:40:11.238+0000] {dag.py:3947} INFO - Setting next_dagrun for dataset_produces_2 to None, run_after=None
[2024-07-19T00:40:11.273+0000] {processor.py:183} INFO - Processing /home/airflow/.local/lib/python3.12/site-packages/airflow/example_dags/example_datasets.py took 0.144 seconds
[2024-07-19T00:40:41.478+0000] {processor.py:161} INFO - Started process (PID=241) to work on /home/airflow/.local/lib/python3.12/site-packages/airflow/example_dags/example_datasets.py
[2024-07-19T00:40:41.479+0000] {processor.py:830} INFO - Processing file /home/airflow/.local/lib/python3.12/site-packages/airflow/example_dags/example_datasets.py for tasks to queue
[2024-07-19T00:40:41.480+0000] {logging_mixin.py:188} INFO - [2024-07-19T00:40:41.480+0000] {dagbag.py:545} INFO - Filling up the DagBag from /home/airflow/.local/lib/python3.12/site-packages/airflow/example_dags/example_datasets.py
[2024-07-19T00:40:41.493+0000] {processor.py:840} INFO - DAG(s) 'dataset_consumes_1_never_scheduled', 'dataset_consumes_1', 'consume_1_or_2_with_dataset_expressions', 'dataset_consumes_unknown_never_scheduled', 'consume_1_or_both_2_and_3_with_dataset_expressions', 'consume_1_and_2_with_dataset_expressions', 'conditional_dataset_and_time_based_timetable', 'dataset_consumes_1_and_2', 'dataset_produces_1', 'dataset_produces_2' retrieved from /home/airflow/.local/lib/python3.12/site-packages/airflow/example_dags/example_datasets.py
[2024-07-19T00:40:41.535+0000] {logging_mixin.py:188} INFO - [2024-07-19T00:40:41.535+0000] {dag.py:3089} INFO - Sync 10 DAGs
[2024-07-19T00:40:41.560+0000] {logging_mixin.py:188} INFO - [2024-07-19T00:40:41.559+0000] {dag.py:3947} INFO - Setting next_dagrun for conditional_dataset_and_time_based_timetable to 2024-07-17 01:00:00+00:00, run_after=2024-07-17 01:00:00+00:00
[2024-07-19T00:40:41.563+0000] {logging_mixin.py:188} INFO - [2024-07-19T00:40:41.563+0000] {dag.py:3947} INFO - Setting next_dagrun for consume_1_and_2_with_dataset_expressions to None, run_after=None
[2024-07-19T00:40:41.564+0000] {logging_mixin.py:188} INFO - [2024-07-19T00:40:41.564+0000] {dag.py:3947} INFO - Setting next_dagrun for consume_1_or_2_with_dataset_expressions to None, run_after=None
[2024-07-19T00:40:41.565+0000] {logging_mixin.py:188} INFO - [2024-07-19T00:40:41.565+0000] {dag.py:3947} INFO - Setting next_dagrun for consume_1_or_both_2_and_3_with_dataset_expressions to None, run_after=None
[2024-07-19T00:40:41.566+0000] {logging_mixin.py:188} INFO - [2024-07-19T00:40:41.566+0000] {dag.py:3947} INFO - Setting next_dagrun for dataset_consumes_1 to None, run_after=None
[2024-07-19T00:40:41.567+0000] {logging_mixin.py:188} INFO - [2024-07-19T00:40:41.567+0000] {dag.py:3947} INFO - Setting next_dagrun for dataset_consumes_1_and_2 to None, run_after=None
[2024-07-19T00:40:41.568+0000] {logging_mixin.py:188} INFO - [2024-07-19T00:40:41.568+0000] {dag.py:3947} INFO - Setting next_dagrun for dataset_consumes_1_never_scheduled to None, run_after=None
[2024-07-19T00:40:41.569+0000] {logging_mixin.py:188} INFO - [2024-07-19T00:40:41.569+0000] {dag.py:3947} INFO - Setting next_dagrun for dataset_consumes_unknown_never_scheduled to None, run_after=None
[2024-07-19T00:40:41.571+0000] {logging_mixin.py:188} INFO - [2024-07-19T00:40:41.571+0000] {dag.py:3947} INFO - Setting next_dagrun for dataset_produces_1 to 2024-07-18 00:00:00+00:00, run_after=2024-07-19 00:00:00+00:00
[2024-07-19T00:40:41.572+0000] {logging_mixin.py:188} INFO - [2024-07-19T00:40:41.572+0000] {dag.py:3947} INFO - Setting next_dagrun for dataset_produces_2 to None, run_after=None
[2024-07-19T00:40:41.601+0000] {processor.py:183} INFO - Processing /home/airflow/.local/lib/python3.12/site-packages/airflow/example_dags/example_datasets.py took 0.129 seconds
[2024-07-19T00:41:11.643+0000] {processor.py:161} INFO - Started process (PID=299) to work on /home/airflow/.local/lib/python3.12/site-packages/airflow/example_dags/example_datasets.py
[2024-07-19T00:41:11.644+0000] {processor.py:830} INFO - Processing file /home/airflow/.local/lib/python3.12/site-packages/airflow/example_dags/example_datasets.py for tasks to queue
[2024-07-19T00:41:11.645+0000] {logging_mixin.py:188} INFO - [2024-07-19T00:41:11.645+0000] {dagbag.py:545} INFO - Filling up the DagBag from /home/airflow/.local/lib/python3.12/site-packages/airflow/example_dags/example_datasets.py
[2024-07-19T00:41:11.658+0000] {processor.py:840} INFO - DAG(s) 'consume_1_and_2_with_dataset_expressions', 'conditional_dataset_and_time_based_timetable', 'dataset_consumes_1_never_scheduled', 'dataset_consumes_1', 'consume_1_or_both_2_and_3_with_dataset_expressions', 'dataset_consumes_1_and_2', 'dataset_produces_1', 'consume_1_or_2_with_dataset_expressions', 'dataset_consumes_unknown_never_scheduled', 'dataset_produces_2' retrieved from /home/airflow/.local/lib/python3.12/site-packages/airflow/example_dags/example_datasets.py
[2024-07-19T00:41:11.704+0000] {logging_mixin.py:188} INFO - [2024-07-19T00:41:11.703+0000] {dag.py:3089} INFO - Sync 10 DAGs
[2024-07-19T00:41:11.728+0000] {logging_mixin.py:188} INFO - [2024-07-19T00:41:11.727+0000] {dag.py:3947} INFO - Setting next_dagrun for conditional_dataset_and_time_based_timetable to 2024-07-17 01:00:00+00:00, run_after=2024-07-17 01:00:00+00:00
[2024-07-19T00:41:11.731+0000] {logging_mixin.py:188} INFO - [2024-07-19T00:41:11.731+0000] {dag.py:3947} INFO - Setting next_dagrun for consume_1_and_2_with_dataset_expressions to None, run_after=None
[2024-07-19T00:41:11.732+0000] {logging_mixin.py:188} INFO - [2024-07-19T00:41:11.732+0000] {dag.py:3947} INFO - Setting next_dagrun for consume_1_or_2_with_dataset_expressions to None, run_after=None
[2024-07-19T00:41:11.733+0000] {logging_mixin.py:188} INFO - [2024-07-19T00:41:11.733+0000] {dag.py:3947} INFO - Setting next_dagrun for consume_1_or_both_2_and_3_with_dataset_expressions to None, run_after=None
[2024-07-19T00:41:11.734+0000] {logging_mixin.py:188} INFO - [2024-07-19T00:41:11.734+0000] {dag.py:3947} INFO - Setting next_dagrun for dataset_consumes_1 to None, run_after=None
[2024-07-19T00:41:11.735+0000] {logging_mixin.py:188} INFO - [2024-07-19T00:41:11.734+0000] {dag.py:3947} INFO - Setting next_dagrun for dataset_consumes_1_and_2 to None, run_after=None
[2024-07-19T00:41:11.735+0000] {logging_mixin.py:188} INFO - [2024-07-19T00:41:11.735+0000] {dag.py:3947} INFO - Setting next_dagrun for dataset_consumes_1_never_scheduled to None, run_after=None
[2024-07-19T00:41:11.736+0000] {logging_mixin.py:188} INFO - [2024-07-19T00:41:11.736+0000] {dag.py:3947} INFO - Setting next_dagrun for dataset_consumes_unknown_never_scheduled to None, run_after=None
[2024-07-19T00:41:11.738+0000] {logging_mixin.py:188} INFO - [2024-07-19T00:41:11.738+0000] {dag.py:3947} INFO - Setting next_dagrun for dataset_produces_1 to 2024-07-18 00:00:00+00:00, run_after=2024-07-19 00:00:00+00:00
[2024-07-19T00:41:11.739+0000] {logging_mixin.py:188} INFO - [2024-07-19T00:41:11.739+0000] {dag.py:3947} INFO - Setting next_dagrun for dataset_produces_2 to None, run_after=None
[2024-07-19T00:41:11.768+0000] {processor.py:183} INFO - Processing /home/airflow/.local/lib/python3.12/site-packages/airflow/example_dags/example_datasets.py took 0.130 seconds
[2024-07-19T00:41:42.119+0000] {processor.py:161} INFO - Started process (PID=357) to work on /home/airflow/.local/lib/python3.12/site-packages/airflow/example_dags/example_datasets.py
[2024-07-19T00:41:42.120+0000] {processor.py:830} INFO - Processing file /home/airflow/.local/lib/python3.12/site-packages/airflow/example_dags/example_datasets.py for tasks to queue
[2024-07-19T00:41:42.122+0000] {logging_mixin.py:188} INFO - [2024-07-19T00:41:42.121+0000] {dagbag.py:545} INFO - Filling up the DagBag from /home/airflow/.local/lib/python3.12/site-packages/airflow/example_dags/example_datasets.py
[2024-07-19T00:41:42.135+0000] {processor.py:840} INFO - DAG(s) 'dataset_consumes_1_never_scheduled', 'dataset_produces_1', 'dataset_consumes_unknown_never_scheduled', 'consume_1_and_2_with_dataset_expressions', 'dataset_consumes_1_and_2', 'conditional_dataset_and_time_based_timetable', 'dataset_consumes_1', 'dataset_produces_2', 'consume_1_or_2_with_dataset_expressions', 'consume_1_or_both_2_and_3_with_dataset_expressions' retrieved from /home/airflow/.local/lib/python3.12/site-packages/airflow/example_dags/example_datasets.py
[2024-07-19T00:41:42.188+0000] {logging_mixin.py:188} INFO - [2024-07-19T00:41:42.188+0000] {dag.py:3089} INFO - Sync 10 DAGs
[2024-07-19T00:41:42.216+0000] {logging_mixin.py:188} INFO - [2024-07-19T00:41:42.215+0000] {dag.py:3947} INFO - Setting next_dagrun for conditional_dataset_and_time_based_timetable to 2024-07-17 01:00:00+00:00, run_after=2024-07-17 01:00:00+00:00
[2024-07-19T00:41:42.219+0000] {logging_mixin.py:188} INFO - [2024-07-19T00:41:42.219+0000] {dag.py:3947} INFO - Setting next_dagrun for consume_1_and_2_with_dataset_expressions to None, run_after=None
[2024-07-19T00:41:42.220+0000] {logging_mixin.py:188} INFO - [2024-07-19T00:41:42.220+0000] {dag.py:3947} INFO - Setting next_dagrun for consume_1_or_2_with_dataset_expressions to None, run_after=None
[2024-07-19T00:41:42.221+0000] {logging_mixin.py:188} INFO - [2024-07-19T00:41:42.221+0000] {dag.py:3947} INFO - Setting next_dagrun for consume_1_or_both_2_and_3_with_dataset_expressions to None, run_after=None
[2024-07-19T00:41:42.222+0000] {logging_mixin.py:188} INFO - [2024-07-19T00:41:42.222+0000] {dag.py:3947} INFO - Setting next_dagrun for dataset_consumes_1 to None, run_after=None
[2024-07-19T00:41:42.223+0000] {logging_mixin.py:188} INFO - [2024-07-19T00:41:42.223+0000] {dag.py:3947} INFO - Setting next_dagrun for dataset_consumes_1_and_2 to None, run_after=None
[2024-07-19T00:41:42.224+0000] {logging_mixin.py:188} INFO - [2024-07-19T00:41:42.224+0000] {dag.py:3947} INFO - Setting next_dagrun for dataset_consumes_1_never_scheduled to None, run_after=None
[2024-07-19T00:41:42.225+0000] {logging_mixin.py:188} INFO - [2024-07-19T00:41:42.225+0000] {dag.py:3947} INFO - Setting next_dagrun for dataset_consumes_unknown_never_scheduled to None, run_after=None
[2024-07-19T00:41:42.227+0000] {logging_mixin.py:188} INFO - [2024-07-19T00:41:42.226+0000] {dag.py:3947} INFO - Setting next_dagrun for dataset_produces_1 to 2024-07-18 00:00:00+00:00, run_after=2024-07-19 00:00:00+00:00
[2024-07-19T00:41:42.228+0000] {logging_mixin.py:188} INFO - [2024-07-19T00:41:42.227+0000] {dag.py:3947} INFO - Setting next_dagrun for dataset_produces_2 to None, run_after=None
[2024-07-19T00:41:42.256+0000] {processor.py:183} INFO - Processing /home/airflow/.local/lib/python3.12/site-packages/airflow/example_dags/example_datasets.py took 0.143 seconds
