[2024-07-19T00:39:10.496+0000] {processor.py:161} INFO - Started process (PID=81) to work on /home/airflow/.local/lib/python3.12/site-packages/airflow/example_dags/example_python_decorator.py
[2024-07-19T00:39:10.497+0000] {processor.py:830} INFO - Processing file /home/airflow/.local/lib/python3.12/site-packages/airflow/example_dags/example_python_decorator.py for tasks to queue
[2024-07-19T00:39:10.499+0000] {logging_mixin.py:188} INFO - [2024-07-19T00:39:10.498+0000] {dagbag.py:545} INFO - Filling up the DagBag from /home/airflow/.local/lib/python3.12/site-packages/airflow/example_dags/example_python_decorator.py
[2024-07-19T00:39:10.514+0000] {processor.py:840} INFO - DAG(s) 'example_python_decorator' retrieved from /home/airflow/.local/lib/python3.12/site-packages/airflow/example_dags/example_python_decorator.py
[2024-07-19T00:39:10.526+0000] {logging_mixin.py:188} INFO - [2024-07-19T00:39:10.525+0000] {dag.py:3089} INFO - Sync 1 DAGs
[2024-07-19T00:39:10.541+0000] {logging_mixin.py:188} INFO - [2024-07-19T00:39:10.540+0000] {dag.py:3947} INFO - Setting next_dagrun for example_python_decorator to None, run_after=None
[2024-07-19T00:39:10.558+0000] {processor.py:183} INFO - Processing /home/airflow/.local/lib/python3.12/site-packages/airflow/example_dags/example_python_decorator.py took 0.067 seconds
[2024-07-19T00:39:41.839+0000] {processor.py:161} INFO - Started process (PID=139) to work on /home/airflow/.local/lib/python3.12/site-packages/airflow/example_dags/example_python_decorator.py
[2024-07-19T00:39:41.840+0000] {processor.py:830} INFO - Processing file /home/airflow/.local/lib/python3.12/site-packages/airflow/example_dags/example_python_decorator.py for tasks to queue
[2024-07-19T00:39:41.842+0000] {logging_mixin.py:188} INFO - [2024-07-19T00:39:41.842+0000] {dagbag.py:545} INFO - Filling up the DagBag from /home/airflow/.local/lib/python3.12/site-packages/airflow/example_dags/example_python_decorator.py
[2024-07-19T00:39:41.855+0000] {processor.py:840} INFO - DAG(s) 'example_python_decorator' retrieved from /home/airflow/.local/lib/python3.12/site-packages/airflow/example_dags/example_python_decorator.py
[2024-07-19T00:39:41.969+0000] {logging_mixin.py:188} INFO - [2024-07-19T00:39:41.969+0000] {dag.py:3089} INFO - Sync 1 DAGs
[2024-07-19T00:39:41.980+0000] {logging_mixin.py:188} INFO - [2024-07-19T00:39:41.980+0000] {dag.py:3947} INFO - Setting next_dagrun for example_python_decorator to None, run_after=None
[2024-07-19T00:39:41.997+0000] {processor.py:183} INFO - Processing /home/airflow/.local/lib/python3.12/site-packages/airflow/example_dags/example_python_decorator.py took 0.163 seconds
[2024-07-19T00:40:12.047+0000] {processor.py:161} INFO - Started process (PID=197) to work on /home/airflow/.local/lib/python3.12/site-packages/airflow/example_dags/example_python_decorator.py
[2024-07-19T00:40:12.048+0000] {processor.py:830} INFO - Processing file /home/airflow/.local/lib/python3.12/site-packages/airflow/example_dags/example_python_decorator.py for tasks to queue
[2024-07-19T00:40:12.049+0000] {logging_mixin.py:188} INFO - [2024-07-19T00:40:12.049+0000] {dagbag.py:545} INFO - Filling up the DagBag from /home/airflow/.local/lib/python3.12/site-packages/airflow/example_dags/example_python_decorator.py
[2024-07-19T00:40:12.061+0000] {processor.py:840} INFO - DAG(s) 'example_python_decorator' retrieved from /home/airflow/.local/lib/python3.12/site-packages/airflow/example_dags/example_python_decorator.py
[2024-07-19T00:40:12.082+0000] {logging_mixin.py:188} INFO - [2024-07-19T00:40:12.082+0000] {dag.py:3089} INFO - Sync 1 DAGs
[2024-07-19T00:40:12.095+0000] {logging_mixin.py:188} INFO - [2024-07-19T00:40:12.095+0000] {dag.py:3947} INFO - Setting next_dagrun for example_python_decorator to None, run_after=None
[2024-07-19T00:40:12.111+0000] {processor.py:183} INFO - Processing /home/airflow/.local/lib/python3.12/site-packages/airflow/example_dags/example_python_decorator.py took 0.070 seconds
[2024-07-19T00:40:42.280+0000] {processor.py:161} INFO - Started process (PID=255) to work on /home/airflow/.local/lib/python3.12/site-packages/airflow/example_dags/example_python_decorator.py
[2024-07-19T00:40:42.281+0000] {processor.py:830} INFO - Processing file /home/airflow/.local/lib/python3.12/site-packages/airflow/example_dags/example_python_decorator.py for tasks to queue
[2024-07-19T00:40:42.282+0000] {logging_mixin.py:188} INFO - [2024-07-19T00:40:42.282+0000] {dagbag.py:545} INFO - Filling up the DagBag from /home/airflow/.local/lib/python3.12/site-packages/airflow/example_dags/example_python_decorator.py
[2024-07-19T00:40:42.294+0000] {processor.py:840} INFO - DAG(s) 'example_python_decorator' retrieved from /home/airflow/.local/lib/python3.12/site-packages/airflow/example_dags/example_python_decorator.py
[2024-07-19T00:40:42.314+0000] {logging_mixin.py:188} INFO - [2024-07-19T00:40:42.314+0000] {dag.py:3089} INFO - Sync 1 DAGs
[2024-07-19T00:40:42.326+0000] {logging_mixin.py:188} INFO - [2024-07-19T00:40:42.326+0000] {dag.py:3947} INFO - Setting next_dagrun for example_python_decorator to None, run_after=None
[2024-07-19T00:40:42.342+0000] {processor.py:183} INFO - Processing /home/airflow/.local/lib/python3.12/site-packages/airflow/example_dags/example_python_decorator.py took 0.068 seconds
[2024-07-19T00:41:12.671+0000] {processor.py:161} INFO - Started process (PID=313) to work on /home/airflow/.local/lib/python3.12/site-packages/airflow/example_dags/example_python_decorator.py
[2024-07-19T00:41:12.672+0000] {processor.py:830} INFO - Processing file /home/airflow/.local/lib/python3.12/site-packages/airflow/example_dags/example_python_decorator.py for tasks to queue
[2024-07-19T00:41:12.673+0000] {logging_mixin.py:188} INFO - [2024-07-19T00:41:12.673+0000] {dagbag.py:545} INFO - Filling up the DagBag from /home/airflow/.local/lib/python3.12/site-packages/airflow/example_dags/example_python_decorator.py
[2024-07-19T00:41:12.685+0000] {processor.py:840} INFO - DAG(s) 'example_python_decorator' retrieved from /home/airflow/.local/lib/python3.12/site-packages/airflow/example_dags/example_python_decorator.py
[2024-07-19T00:41:12.708+0000] {logging_mixin.py:188} INFO - [2024-07-19T00:41:12.707+0000] {dag.py:3089} INFO - Sync 1 DAGs
[2024-07-19T00:41:12.719+0000] {logging_mixin.py:188} INFO - [2024-07-19T00:41:12.719+0000] {dag.py:3947} INFO - Setting next_dagrun for example_python_decorator to None, run_after=None
[2024-07-19T00:41:12.733+0000] {processor.py:183} INFO - Processing /home/airflow/.local/lib/python3.12/site-packages/airflow/example_dags/example_python_decorator.py took 0.067 seconds
[2024-07-19T00:41:42.903+0000] {processor.py:161} INFO - Started process (PID=371) to work on /home/airflow/.local/lib/python3.12/site-packages/airflow/example_dags/example_python_decorator.py
[2024-07-19T00:41:42.904+0000] {processor.py:830} INFO - Processing file /home/airflow/.local/lib/python3.12/site-packages/airflow/example_dags/example_python_decorator.py for tasks to queue
[2024-07-19T00:41:42.906+0000] {logging_mixin.py:188} INFO - [2024-07-19T00:41:42.905+0000] {dagbag.py:545} INFO - Filling up the DagBag from /home/airflow/.local/lib/python3.12/site-packages/airflow/example_dags/example_python_decorator.py
[2024-07-19T00:41:42.918+0000] {processor.py:840} INFO - DAG(s) 'example_python_decorator' retrieved from /home/airflow/.local/lib/python3.12/site-packages/airflow/example_dags/example_python_decorator.py
[2024-07-19T00:41:42.938+0000] {logging_mixin.py:188} INFO - [2024-07-19T00:41:42.938+0000] {dag.py:3089} INFO - Sync 1 DAGs
[2024-07-19T00:41:42.950+0000] {logging_mixin.py:188} INFO - [2024-07-19T00:41:42.950+0000] {dag.py:3947} INFO - Setting next_dagrun for example_python_decorator to None, run_after=None
[2024-07-19T00:41:42.964+0000] {processor.py:183} INFO - Processing /home/airflow/.local/lib/python3.12/site-packages/airflow/example_dags/example_python_decorator.py took 0.066 seconds
