[2024-07-19T00:39:10.212+0000] {processor.py:161} INFO - Started process (PID=75) to work on /home/airflow/.local/lib/python3.12/site-packages/airflow/example_dags/example_latest_only_with_trigger.py
[2024-07-19T00:39:10.213+0000] {processor.py:830} INFO - Processing file /home/airflow/.local/lib/python3.12/site-packages/airflow/example_dags/example_latest_only_with_trigger.py for tasks to queue
[2024-07-19T00:39:10.214+0000] {logging_mixin.py:188} INFO - [2024-07-19T00:39:10.214+0000] {dagbag.py:545} INFO - Filling up the DagBag from /home/airflow/.local/lib/python3.12/site-packages/airflow/example_dags/example_latest_only_with_trigger.py
[2024-07-19T00:39:10.223+0000] {processor.py:840} INFO - DAG(s) 'latest_only_with_trigger' retrieved from /home/airflow/.local/lib/python3.12/site-packages/airflow/example_dags/example_latest_only_with_trigger.py
[2024-07-19T00:39:10.235+0000] {logging_mixin.py:188} INFO - [2024-07-19T00:39:10.234+0000] {dag.py:3089} INFO - Sync 1 DAGs
[2024-07-19T00:39:10.257+0000] {logging_mixin.py:188} INFO - [2024-07-19T00:39:10.257+0000] {dag.py:3947} INFO - Setting next_dagrun for latest_only_with_trigger to 2024-07-18 20:00:00+00:00, run_after=2024-07-19 00:00:00+00:00
[2024-07-19T00:39:10.273+0000] {processor.py:183} INFO - Processing /home/airflow/.local/lib/python3.12/site-packages/airflow/example_dags/example_latest_only_with_trigger.py took 0.068 seconds
[2024-07-19T00:39:41.288+0000] {processor.py:161} INFO - Started process (PID=133) to work on /home/airflow/.local/lib/python3.12/site-packages/airflow/example_dags/example_latest_only_with_trigger.py
[2024-07-19T00:39:41.289+0000] {processor.py:830} INFO - Processing file /home/airflow/.local/lib/python3.12/site-packages/airflow/example_dags/example_latest_only_with_trigger.py for tasks to queue
[2024-07-19T00:39:41.290+0000] {logging_mixin.py:188} INFO - [2024-07-19T00:39:41.290+0000] {dagbag.py:545} INFO - Filling up the DagBag from /home/airflow/.local/lib/python3.12/site-packages/airflow/example_dags/example_latest_only_with_trigger.py
[2024-07-19T00:39:41.295+0000] {processor.py:840} INFO - DAG(s) 'latest_only_with_trigger' retrieved from /home/airflow/.local/lib/python3.12/site-packages/airflow/example_dags/example_latest_only_with_trigger.py
[2024-07-19T00:39:41.392+0000] {logging_mixin.py:188} INFO - [2024-07-19T00:39:41.392+0000] {dag.py:3089} INFO - Sync 1 DAGs
[2024-07-19T00:39:41.410+0000] {logging_mixin.py:188} INFO - [2024-07-19T00:39:41.409+0000] {dag.py:3947} INFO - Setting next_dagrun for latest_only_with_trigger to 2024-07-18 20:00:00+00:00, run_after=2024-07-19 00:00:00+00:00
[2024-07-19T00:39:41.424+0000] {processor.py:183} INFO - Processing /home/airflow/.local/lib/python3.12/site-packages/airflow/example_dags/example_latest_only_with_trigger.py took 0.141 seconds
[2024-07-19T00:40:11.622+0000] {processor.py:161} INFO - Started process (PID=191) to work on /home/airflow/.local/lib/python3.12/site-packages/airflow/example_dags/example_latest_only_with_trigger.py
[2024-07-19T00:40:11.622+0000] {processor.py:830} INFO - Processing file /home/airflow/.local/lib/python3.12/site-packages/airflow/example_dags/example_latest_only_with_trigger.py for tasks to queue
[2024-07-19T00:40:11.624+0000] {logging_mixin.py:188} INFO - [2024-07-19T00:40:11.624+0000] {dagbag.py:545} INFO - Filling up the DagBag from /home/airflow/.local/lib/python3.12/site-packages/airflow/example_dags/example_latest_only_with_trigger.py
[2024-07-19T00:40:11.629+0000] {processor.py:840} INFO - DAG(s) 'latest_only_with_trigger' retrieved from /home/airflow/.local/lib/python3.12/site-packages/airflow/example_dags/example_latest_only_with_trigger.py
[2024-07-19T00:40:11.651+0000] {logging_mixin.py:188} INFO - [2024-07-19T00:40:11.651+0000] {dag.py:3089} INFO - Sync 1 DAGs
[2024-07-19T00:40:11.675+0000] {logging_mixin.py:188} INFO - [2024-07-19T00:40:11.674+0000] {dag.py:3947} INFO - Setting next_dagrun for latest_only_with_trigger to 2024-07-18 20:00:00+00:00, run_after=2024-07-19 00:00:00+00:00
[2024-07-19T00:40:11.695+0000] {processor.py:183} INFO - Processing /home/airflow/.local/lib/python3.12/site-packages/airflow/example_dags/example_latest_only_with_trigger.py took 0.079 seconds
[2024-07-19T00:40:41.980+0000] {processor.py:161} INFO - Started process (PID=249) to work on /home/airflow/.local/lib/python3.12/site-packages/airflow/example_dags/example_latest_only_with_trigger.py
[2024-07-19T00:40:41.981+0000] {processor.py:830} INFO - Processing file /home/airflow/.local/lib/python3.12/site-packages/airflow/example_dags/example_latest_only_with_trigger.py for tasks to queue
[2024-07-19T00:40:41.983+0000] {logging_mixin.py:188} INFO - [2024-07-19T00:40:41.983+0000] {dagbag.py:545} INFO - Filling up the DagBag from /home/airflow/.local/lib/python3.12/site-packages/airflow/example_dags/example_latest_only_with_trigger.py
[2024-07-19T00:40:41.988+0000] {processor.py:840} INFO - DAG(s) 'latest_only_with_trigger' retrieved from /home/airflow/.local/lib/python3.12/site-packages/airflow/example_dags/example_latest_only_with_trigger.py
[2024-07-19T00:40:42.008+0000] {logging_mixin.py:188} INFO - [2024-07-19T00:40:42.008+0000] {dag.py:3089} INFO - Sync 1 DAGs
[2024-07-19T00:40:42.028+0000] {logging_mixin.py:188} INFO - [2024-07-19T00:40:42.028+0000] {dag.py:3947} INFO - Setting next_dagrun for latest_only_with_trigger to 2024-07-18 20:00:00+00:00, run_after=2024-07-19 00:00:00+00:00
[2024-07-19T00:40:42.043+0000] {processor.py:183} INFO - Processing /home/airflow/.local/lib/python3.12/site-packages/airflow/example_dags/example_latest_only_with_trigger.py took 0.068 seconds
[2024-07-19T00:41:12.296+0000] {processor.py:161} INFO - Started process (PID=307) to work on /home/airflow/.local/lib/python3.12/site-packages/airflow/example_dags/example_latest_only_with_trigger.py
[2024-07-19T00:41:12.297+0000] {processor.py:830} INFO - Processing file /home/airflow/.local/lib/python3.12/site-packages/airflow/example_dags/example_latest_only_with_trigger.py for tasks to queue
[2024-07-19T00:41:12.298+0000] {logging_mixin.py:188} INFO - [2024-07-19T00:41:12.298+0000] {dagbag.py:545} INFO - Filling up the DagBag from /home/airflow/.local/lib/python3.12/site-packages/airflow/example_dags/example_latest_only_with_trigger.py
[2024-07-19T00:41:12.303+0000] {processor.py:840} INFO - DAG(s) 'latest_only_with_trigger' retrieved from /home/airflow/.local/lib/python3.12/site-packages/airflow/example_dags/example_latest_only_with_trigger.py
[2024-07-19T00:41:12.322+0000] {logging_mixin.py:188} INFO - [2024-07-19T00:41:12.322+0000] {dag.py:3089} INFO - Sync 1 DAGs
[2024-07-19T00:41:12.340+0000] {logging_mixin.py:188} INFO - [2024-07-19T00:41:12.340+0000] {dag.py:3947} INFO - Setting next_dagrun for latest_only_with_trigger to 2024-07-18 20:00:00+00:00, run_after=2024-07-19 00:00:00+00:00
[2024-07-19T00:41:12.355+0000] {processor.py:183} INFO - Processing /home/airflow/.local/lib/python3.12/site-packages/airflow/example_dags/example_latest_only_with_trigger.py took 0.064 seconds
[2024-07-19T00:41:42.596+0000] {processor.py:161} INFO - Started process (PID=365) to work on /home/airflow/.local/lib/python3.12/site-packages/airflow/example_dags/example_latest_only_with_trigger.py
[2024-07-19T00:41:42.596+0000] {processor.py:830} INFO - Processing file /home/airflow/.local/lib/python3.12/site-packages/airflow/example_dags/example_latest_only_with_trigger.py for tasks to queue
[2024-07-19T00:41:42.598+0000] {logging_mixin.py:188} INFO - [2024-07-19T00:41:42.598+0000] {dagbag.py:545} INFO - Filling up the DagBag from /home/airflow/.local/lib/python3.12/site-packages/airflow/example_dags/example_latest_only_with_trigger.py
[2024-07-19T00:41:42.603+0000] {processor.py:840} INFO - DAG(s) 'latest_only_with_trigger' retrieved from /home/airflow/.local/lib/python3.12/site-packages/airflow/example_dags/example_latest_only_with_trigger.py
[2024-07-19T00:41:42.624+0000] {logging_mixin.py:188} INFO - [2024-07-19T00:41:42.623+0000] {dag.py:3089} INFO - Sync 1 DAGs
[2024-07-19T00:41:42.644+0000] {logging_mixin.py:188} INFO - [2024-07-19T00:41:42.644+0000] {dag.py:3947} INFO - Setting next_dagrun for latest_only_with_trigger to 2024-07-18 20:00:00+00:00, run_after=2024-07-19 00:00:00+00:00
[2024-07-19T00:41:42.663+0000] {processor.py:183} INFO - Processing /home/airflow/.local/lib/python3.12/site-packages/airflow/example_dags/example_latest_only_with_trigger.py took 0.073 seconds
