[2024-07-19T00:39:09.444+0000] {processor.py:161} INFO - Started process (PID=65) to work on /home/airflow/.local/lib/python3.12/site-packages/airflow/example_dags/example_branch_python_dop_operator_3.py
[2024-07-19T00:39:09.444+0000] {processor.py:830} INFO - Processing file /home/airflow/.local/lib/python3.12/site-packages/airflow/example_dags/example_branch_python_dop_operator_3.py for tasks to queue
[2024-07-19T00:39:09.446+0000] {logging_mixin.py:188} INFO - [2024-07-19T00:39:09.446+0000] {dagbag.py:545} INFO - Filling up the DagBag from /home/airflow/.local/lib/python3.12/site-packages/airflow/example_dags/example_branch_python_dop_operator_3.py
[2024-07-19T00:39:09.456+0000] {processor.py:840} INFO - DAG(s) 'example_branch_dop_operator_v3' retrieved from /home/airflow/.local/lib/python3.12/site-packages/airflow/example_dags/example_branch_python_dop_operator_3.py
[2024-07-19T00:39:09.467+0000] {logging_mixin.py:188} INFO - [2024-07-19T00:39:09.466+0000] {dag.py:3089} INFO - Sync 1 DAGs
[2024-07-19T00:39:09.493+0000] {logging_mixin.py:188} INFO - [2024-07-19T00:39:09.492+0000] {dag.py:3947} INFO - Setting next_dagrun for example_branch_dop_operator_v3 to 2024-07-19 00:38:00+00:00, run_after=2024-07-19 00:39:00+00:00
[2024-07-19T00:39:09.509+0000] {processor.py:183} INFO - Processing /home/airflow/.local/lib/python3.12/site-packages/airflow/example_dags/example_branch_python_dop_operator_3.py took 0.071 seconds
[2024-07-19T00:39:40.150+0000] {processor.py:161} INFO - Started process (PID=123) to work on /home/airflow/.local/lib/python3.12/site-packages/airflow/example_dags/example_branch_python_dop_operator_3.py
[2024-07-19T00:39:40.151+0000] {processor.py:830} INFO - Processing file /home/airflow/.local/lib/python3.12/site-packages/airflow/example_dags/example_branch_python_dop_operator_3.py for tasks to queue
[2024-07-19T00:39:40.153+0000] {logging_mixin.py:188} INFO - [2024-07-19T00:39:40.152+0000] {dagbag.py:545} INFO - Filling up the DagBag from /home/airflow/.local/lib/python3.12/site-packages/airflow/example_dags/example_branch_python_dop_operator_3.py
[2024-07-19T00:39:40.161+0000] {processor.py:840} INFO - DAG(s) 'example_branch_dop_operator_v3' retrieved from /home/airflow/.local/lib/python3.12/site-packages/airflow/example_dags/example_branch_python_dop_operator_3.py
[2024-07-19T00:39:40.255+0000] {logging_mixin.py:188} INFO - [2024-07-19T00:39:40.255+0000] {dag.py:3089} INFO - Sync 1 DAGs
[2024-07-19T00:39:40.275+0000] {logging_mixin.py:188} INFO - [2024-07-19T00:39:40.275+0000] {dag.py:3947} INFO - Setting next_dagrun for example_branch_dop_operator_v3 to 2024-07-19 00:38:00+00:00, run_after=2024-07-19 00:39:00+00:00
[2024-07-19T00:39:40.291+0000] {processor.py:183} INFO - Processing /home/airflow/.local/lib/python3.12/site-packages/airflow/example_dags/example_branch_python_dop_operator_3.py took 0.146 seconds
[2024-07-19T00:40:11.036+0000] {processor.py:161} INFO - Started process (PID=181) to work on /home/airflow/.local/lib/python3.12/site-packages/airflow/example_dags/example_branch_python_dop_operator_3.py
[2024-07-19T00:40:11.037+0000] {processor.py:830} INFO - Processing file /home/airflow/.local/lib/python3.12/site-packages/airflow/example_dags/example_branch_python_dop_operator_3.py for tasks to queue
[2024-07-19T00:40:11.039+0000] {logging_mixin.py:188} INFO - [2024-07-19T00:40:11.038+0000] {dagbag.py:545} INFO - Filling up the DagBag from /home/airflow/.local/lib/python3.12/site-packages/airflow/example_dags/example_branch_python_dop_operator_3.py
[2024-07-19T00:40:11.046+0000] {processor.py:840} INFO - DAG(s) 'example_branch_dop_operator_v3' retrieved from /home/airflow/.local/lib/python3.12/site-packages/airflow/example_dags/example_branch_python_dop_operator_3.py
[2024-07-19T00:40:11.067+0000] {logging_mixin.py:188} INFO - [2024-07-19T00:40:11.066+0000] {dag.py:3089} INFO - Sync 1 DAGs
[2024-07-19T00:40:11.091+0000] {logging_mixin.py:188} INFO - [2024-07-19T00:40:11.090+0000] {dag.py:3947} INFO - Setting next_dagrun for example_branch_dop_operator_v3 to 2024-07-19 00:39:00+00:00, run_after=2024-07-19 00:40:00+00:00
[2024-07-19T00:40:11.106+0000] {processor.py:183} INFO - Processing /home/airflow/.local/lib/python3.12/site-packages/airflow/example_dags/example_branch_python_dop_operator_3.py took 0.076 seconds
[2024-07-19T00:40:41.385+0000] {processor.py:161} INFO - Started process (PID=239) to work on /home/airflow/.local/lib/python3.12/site-packages/airflow/example_dags/example_branch_python_dop_operator_3.py
[2024-07-19T00:40:41.386+0000] {processor.py:830} INFO - Processing file /home/airflow/.local/lib/python3.12/site-packages/airflow/example_dags/example_branch_python_dop_operator_3.py for tasks to queue
[2024-07-19T00:40:41.387+0000] {logging_mixin.py:188} INFO - [2024-07-19T00:40:41.387+0000] {dagbag.py:545} INFO - Filling up the DagBag from /home/airflow/.local/lib/python3.12/site-packages/airflow/example_dags/example_branch_python_dop_operator_3.py
[2024-07-19T00:40:41.395+0000] {processor.py:840} INFO - DAG(s) 'example_branch_dop_operator_v3' retrieved from /home/airflow/.local/lib/python3.12/site-packages/airflow/example_dags/example_branch_python_dop_operator_3.py
[2024-07-19T00:40:41.414+0000] {logging_mixin.py:188} INFO - [2024-07-19T00:40:41.413+0000] {dag.py:3089} INFO - Sync 1 DAGs
[2024-07-19T00:40:41.436+0000] {logging_mixin.py:188} INFO - [2024-07-19T00:40:41.436+0000] {dag.py:3947} INFO - Setting next_dagrun for example_branch_dop_operator_v3 to 2024-07-19 00:39:00+00:00, run_after=2024-07-19 00:40:00+00:00
[2024-07-19T00:40:41.451+0000] {processor.py:183} INFO - Processing /home/airflow/.local/lib/python3.12/site-packages/airflow/example_dags/example_branch_python_dop_operator_3.py took 0.071 seconds
[2024-07-19T00:41:11.544+0000] {processor.py:161} INFO - Started process (PID=297) to work on /home/airflow/.local/lib/python3.12/site-packages/airflow/example_dags/example_branch_python_dop_operator_3.py
[2024-07-19T00:41:11.545+0000] {processor.py:830} INFO - Processing file /home/airflow/.local/lib/python3.12/site-packages/airflow/example_dags/example_branch_python_dop_operator_3.py for tasks to queue
[2024-07-19T00:41:11.546+0000] {logging_mixin.py:188} INFO - [2024-07-19T00:41:11.546+0000] {dagbag.py:545} INFO - Filling up the DagBag from /home/airflow/.local/lib/python3.12/site-packages/airflow/example_dags/example_branch_python_dop_operator_3.py
[2024-07-19T00:41:11.554+0000] {processor.py:840} INFO - DAG(s) 'example_branch_dop_operator_v3' retrieved from /home/airflow/.local/lib/python3.12/site-packages/airflow/example_dags/example_branch_python_dop_operator_3.py
[2024-07-19T00:41:11.573+0000] {logging_mixin.py:188} INFO - [2024-07-19T00:41:11.572+0000] {dag.py:3089} INFO - Sync 1 DAGs
[2024-07-19T00:41:11.596+0000] {logging_mixin.py:188} INFO - [2024-07-19T00:41:11.595+0000] {dag.py:3947} INFO - Setting next_dagrun for example_branch_dop_operator_v3 to 2024-07-19 00:40:00+00:00, run_after=2024-07-19 00:41:00+00:00
[2024-07-19T00:41:11.612+0000] {processor.py:183} INFO - Processing /home/airflow/.local/lib/python3.12/site-packages/airflow/example_dags/example_branch_python_dop_operator_3.py took 0.073 seconds
[2024-07-19T00:41:41.922+0000] {processor.py:161} INFO - Started process (PID=355) to work on /home/airflow/.local/lib/python3.12/site-packages/airflow/example_dags/example_branch_python_dop_operator_3.py
[2024-07-19T00:41:41.923+0000] {processor.py:830} INFO - Processing file /home/airflow/.local/lib/python3.12/site-packages/airflow/example_dags/example_branch_python_dop_operator_3.py for tasks to queue
[2024-07-19T00:41:41.925+0000] {logging_mixin.py:188} INFO - [2024-07-19T00:41:41.924+0000] {dagbag.py:545} INFO - Filling up the DagBag from /home/airflow/.local/lib/python3.12/site-packages/airflow/example_dags/example_branch_python_dop_operator_3.py
[2024-07-19T00:41:41.932+0000] {processor.py:840} INFO - DAG(s) 'example_branch_dop_operator_v3' retrieved from /home/airflow/.local/lib/python3.12/site-packages/airflow/example_dags/example_branch_python_dop_operator_3.py
[2024-07-19T00:41:41.950+0000] {logging_mixin.py:188} INFO - [2024-07-19T00:41:41.950+0000] {dag.py:3089} INFO - Sync 1 DAGs
[2024-07-19T00:41:41.975+0000] {logging_mixin.py:188} INFO - [2024-07-19T00:41:41.974+0000] {dag.py:3947} INFO - Setting next_dagrun for example_branch_dop_operator_v3 to 2024-07-19 00:40:00+00:00, run_after=2024-07-19 00:41:00+00:00
[2024-07-19T00:41:41.990+0000] {processor.py:183} INFO - Processing /home/airflow/.local/lib/python3.12/site-packages/airflow/example_dags/example_branch_python_dop_operator_3.py took 0.073 seconds
