[2024-07-19T00:39:11.066+0000] {processor.py:161} INFO - Started process (PID=92) to work on /home/airflow/.local/lib/python3.12/site-packages/airflow/example_dags/example_task_group.py
[2024-07-19T00:39:11.067+0000] {processor.py:830} INFO - Processing file /home/airflow/.local/lib/python3.12/site-packages/airflow/example_dags/example_task_group.py for tasks to queue
[2024-07-19T00:39:11.069+0000] {logging_mixin.py:188} INFO - [2024-07-19T00:39:11.068+0000] {dagbag.py:545} INFO - Filling up the DagBag from /home/airflow/.local/lib/python3.12/site-packages/airflow/example_dags/example_task_group.py
[2024-07-19T00:39:11.076+0000] {processor.py:840} INFO - DAG(s) 'example_task_group' retrieved from /home/airflow/.local/lib/python3.12/site-packages/airflow/example_dags/example_task_group.py
[2024-07-19T00:39:11.088+0000] {logging_mixin.py:188} INFO - [2024-07-19T00:39:11.087+0000] {dag.py:3089} INFO - Sync 1 DAGs
[2024-07-19T00:39:11.110+0000] {logging_mixin.py:188} INFO - [2024-07-19T00:39:11.110+0000] {dag.py:3947} INFO - Setting next_dagrun for example_task_group to 2024-07-18 00:00:00+00:00, run_after=2024-07-19 00:00:00+00:00
[2024-07-19T00:39:11.129+0000] {processor.py:183} INFO - Processing /home/airflow/.local/lib/python3.12/site-packages/airflow/example_dags/example_task_group.py took 0.070 seconds
[2024-07-19T00:39:43.071+0000] {processor.py:161} INFO - Started process (PID=150) to work on /home/airflow/.local/lib/python3.12/site-packages/airflow/example_dags/example_task_group.py
[2024-07-19T00:39:43.072+0000] {processor.py:830} INFO - Processing file /home/airflow/.local/lib/python3.12/site-packages/airflow/example_dags/example_task_group.py for tasks to queue
[2024-07-19T00:39:43.074+0000] {logging_mixin.py:188} INFO - [2024-07-19T00:39:43.074+0000] {dagbag.py:545} INFO - Filling up the DagBag from /home/airflow/.local/lib/python3.12/site-packages/airflow/example_dags/example_task_group.py
[2024-07-19T00:39:43.081+0000] {processor.py:840} INFO - DAG(s) 'example_task_group' retrieved from /home/airflow/.local/lib/python3.12/site-packages/airflow/example_dags/example_task_group.py
[2024-07-19T00:39:43.184+0000] {logging_mixin.py:188} INFO - [2024-07-19T00:39:43.184+0000] {dag.py:3089} INFO - Sync 1 DAGs
[2024-07-19T00:39:43.201+0000] {logging_mixin.py:188} INFO - [2024-07-19T00:39:43.200+0000] {dag.py:3947} INFO - Setting next_dagrun for example_task_group to 2024-07-18 00:00:00+00:00, run_after=2024-07-19 00:00:00+00:00
[2024-07-19T00:39:43.216+0000] {processor.py:183} INFO - Processing /home/airflow/.local/lib/python3.12/site-packages/airflow/example_dags/example_task_group.py took 0.150 seconds
[2024-07-19T00:40:13.645+0000] {processor.py:161} INFO - Started process (PID=208) to work on /home/airflow/.local/lib/python3.12/site-packages/airflow/example_dags/example_task_group.py
[2024-07-19T00:40:13.646+0000] {processor.py:830} INFO - Processing file /home/airflow/.local/lib/python3.12/site-packages/airflow/example_dags/example_task_group.py for tasks to queue
[2024-07-19T00:40:13.647+0000] {logging_mixin.py:188} INFO - [2024-07-19T00:40:13.647+0000] {dagbag.py:545} INFO - Filling up the DagBag from /home/airflow/.local/lib/python3.12/site-packages/airflow/example_dags/example_task_group.py
[2024-07-19T00:40:13.654+0000] {processor.py:840} INFO - DAG(s) 'example_task_group' retrieved from /home/airflow/.local/lib/python3.12/site-packages/airflow/example_dags/example_task_group.py
[2024-07-19T00:40:13.674+0000] {logging_mixin.py:188} INFO - [2024-07-19T00:40:13.674+0000] {dag.py:3089} INFO - Sync 1 DAGs
[2024-07-19T00:40:13.694+0000] {logging_mixin.py:188} INFO - [2024-07-19T00:40:13.693+0000] {dag.py:3947} INFO - Setting next_dagrun for example_task_group to 2024-07-18 00:00:00+00:00, run_after=2024-07-19 00:00:00+00:00
[2024-07-19T00:40:13.708+0000] {processor.py:183} INFO - Processing /home/airflow/.local/lib/python3.12/site-packages/airflow/example_dags/example_task_group.py took 0.068 seconds
[2024-07-19T00:40:43.951+0000] {processor.py:161} INFO - Started process (PID=266) to work on /home/airflow/.local/lib/python3.12/site-packages/airflow/example_dags/example_task_group.py
[2024-07-19T00:40:43.952+0000] {processor.py:830} INFO - Processing file /home/airflow/.local/lib/python3.12/site-packages/airflow/example_dags/example_task_group.py for tasks to queue
[2024-07-19T00:40:43.954+0000] {logging_mixin.py:188} INFO - [2024-07-19T00:40:43.953+0000] {dagbag.py:545} INFO - Filling up the DagBag from /home/airflow/.local/lib/python3.12/site-packages/airflow/example_dags/example_task_group.py
[2024-07-19T00:40:43.961+0000] {processor.py:840} INFO - DAG(s) 'example_task_group' retrieved from /home/airflow/.local/lib/python3.12/site-packages/airflow/example_dags/example_task_group.py
[2024-07-19T00:40:43.982+0000] {logging_mixin.py:188} INFO - [2024-07-19T00:40:43.982+0000] {dag.py:3089} INFO - Sync 1 DAGs
[2024-07-19T00:40:44.003+0000] {logging_mixin.py:188} INFO - [2024-07-19T00:40:44.003+0000] {dag.py:3947} INFO - Setting next_dagrun for example_task_group to 2024-07-18 00:00:00+00:00, run_after=2024-07-19 00:00:00+00:00
[2024-07-19T00:40:44.019+0000] {processor.py:183} INFO - Processing /home/airflow/.local/lib/python3.12/site-packages/airflow/example_dags/example_task_group.py took 0.074 seconds
[2024-07-19T00:41:14.154+0000] {processor.py:161} INFO - Started process (PID=324) to work on /home/airflow/.local/lib/python3.12/site-packages/airflow/example_dags/example_task_group.py
[2024-07-19T00:41:14.155+0000] {processor.py:830} INFO - Processing file /home/airflow/.local/lib/python3.12/site-packages/airflow/example_dags/example_task_group.py for tasks to queue
[2024-07-19T00:41:14.157+0000] {logging_mixin.py:188} INFO - [2024-07-19T00:41:14.157+0000] {dagbag.py:545} INFO - Filling up the DagBag from /home/airflow/.local/lib/python3.12/site-packages/airflow/example_dags/example_task_group.py
[2024-07-19T00:41:14.164+0000] {processor.py:840} INFO - DAG(s) 'example_task_group' retrieved from /home/airflow/.local/lib/python3.12/site-packages/airflow/example_dags/example_task_group.py
[2024-07-19T00:41:14.183+0000] {logging_mixin.py:188} INFO - [2024-07-19T00:41:14.183+0000] {dag.py:3089} INFO - Sync 1 DAGs
[2024-07-19T00:41:14.201+0000] {logging_mixin.py:188} INFO - [2024-07-19T00:41:14.201+0000] {dag.py:3947} INFO - Setting next_dagrun for example_task_group to 2024-07-18 00:00:00+00:00, run_after=2024-07-19 00:00:00+00:00
[2024-07-19T00:41:14.215+0000] {processor.py:183} INFO - Processing /home/airflow/.local/lib/python3.12/site-packages/airflow/example_dags/example_task_group.py took 0.066 seconds
[2024-07-19T00:41:44.430+0000] {processor.py:161} INFO - Started process (PID=382) to work on /home/airflow/.local/lib/python3.12/site-packages/airflow/example_dags/example_task_group.py
[2024-07-19T00:41:44.431+0000] {processor.py:830} INFO - Processing file /home/airflow/.local/lib/python3.12/site-packages/airflow/example_dags/example_task_group.py for tasks to queue
[2024-07-19T00:41:44.433+0000] {logging_mixin.py:188} INFO - [2024-07-19T00:41:44.432+0000] {dagbag.py:545} INFO - Filling up the DagBag from /home/airflow/.local/lib/python3.12/site-packages/airflow/example_dags/example_task_group.py
[2024-07-19T00:41:44.442+0000] {processor.py:840} INFO - DAG(s) 'example_task_group' retrieved from /home/airflow/.local/lib/python3.12/site-packages/airflow/example_dags/example_task_group.py
[2024-07-19T00:41:44.467+0000] {logging_mixin.py:188} INFO - [2024-07-19T00:41:44.467+0000] {dag.py:3089} INFO - Sync 1 DAGs
[2024-07-19T00:41:44.493+0000] {logging_mixin.py:188} INFO - [2024-07-19T00:41:44.492+0000] {dag.py:3947} INFO - Setting next_dagrun for example_task_group to 2024-07-18 00:00:00+00:00, run_after=2024-07-19 00:00:00+00:00
[2024-07-19T00:41:44.511+0000] {processor.py:183} INFO - Processing /home/airflow/.local/lib/python3.12/site-packages/airflow/example_dags/example_task_group.py took 0.087 seconds
