[2024-07-19T00:39:09.023+0000] {processor.py:161} INFO - Started process (PID=59) to work on /home/airflow/.local/lib/python3.12/site-packages/airflow/example_dags/example_bash_operator.py
[2024-07-19T00:39:09.024+0000] {processor.py:830} INFO - Processing file /home/airflow/.local/lib/python3.12/site-packages/airflow/example_dags/example_bash_operator.py for tasks to queue
[2024-07-19T00:39:09.025+0000] {logging_mixin.py:188} INFO - [2024-07-19T00:39:09.025+0000] {dagbag.py:545} INFO - Filling up the DagBag from /home/airflow/.local/lib/python3.12/site-packages/airflow/example_dags/example_bash_operator.py
[2024-07-19T00:39:09.045+0000] {processor.py:840} INFO - DAG(s) 'example_bash_operator' retrieved from /home/airflow/.local/lib/python3.12/site-packages/airflow/example_dags/example_bash_operator.py
[2024-07-19T00:39:09.081+0000] {logging_mixin.py:188} INFO - [2024-07-19T00:39:09.081+0000] {dag.py:3089} INFO - Sync 1 DAGs
[2024-07-19T00:39:09.106+0000] {logging_mixin.py:188} INFO - [2024-07-19T00:39:09.106+0000] {dag.py:3947} INFO - Setting next_dagrun for example_bash_operator to 2024-07-18 00:00:00+00:00, run_after=2024-07-19 00:00:00+00:00
[2024-07-19T00:39:09.130+0000] {processor.py:183} INFO - Processing /home/airflow/.local/lib/python3.12/site-packages/airflow/example_dags/example_bash_operator.py took 0.112 seconds
[2024-07-19T00:39:39.311+0000] {processor.py:161} INFO - Started process (PID=117) to work on /home/airflow/.local/lib/python3.12/site-packages/airflow/example_dags/example_bash_operator.py
[2024-07-19T00:39:39.312+0000] {processor.py:830} INFO - Processing file /home/airflow/.local/lib/python3.12/site-packages/airflow/example_dags/example_bash_operator.py for tasks to queue
[2024-07-19T00:39:39.314+0000] {logging_mixin.py:188} INFO - [2024-07-19T00:39:39.313+0000] {dagbag.py:545} INFO - Filling up the DagBag from /home/airflow/.local/lib/python3.12/site-packages/airflow/example_dags/example_bash_operator.py
[2024-07-19T00:39:39.323+0000] {processor.py:840} INFO - DAG(s) 'example_bash_operator' retrieved from /home/airflow/.local/lib/python3.12/site-packages/airflow/example_dags/example_bash_operator.py
[2024-07-19T00:39:39.520+0000] {logging_mixin.py:188} INFO - [2024-07-19T00:39:39.520+0000] {dag.py:3089} INFO - Sync 1 DAGs
[2024-07-19T00:39:39.538+0000] {logging_mixin.py:188} INFO - [2024-07-19T00:39:39.538+0000] {dag.py:3947} INFO - Setting next_dagrun for example_bash_operator to 2024-07-18 00:00:00+00:00, run_after=2024-07-19 00:00:00+00:00
[2024-07-19T00:39:39.553+0000] {processor.py:183} INFO - Processing /home/airflow/.local/lib/python3.12/site-packages/airflow/example_dags/example_bash_operator.py took 0.247 seconds
[2024-07-19T00:40:09.730+0000] {processor.py:161} INFO - Started process (PID=175) to work on /home/airflow/.local/lib/python3.12/site-packages/airflow/example_dags/example_bash_operator.py
[2024-07-19T00:40:09.731+0000] {processor.py:830} INFO - Processing file /home/airflow/.local/lib/python3.12/site-packages/airflow/example_dags/example_bash_operator.py for tasks to queue
[2024-07-19T00:40:09.733+0000] {logging_mixin.py:188} INFO - [2024-07-19T00:40:09.732+0000] {dagbag.py:545} INFO - Filling up the DagBag from /home/airflow/.local/lib/python3.12/site-packages/airflow/example_dags/example_bash_operator.py
[2024-07-19T00:40:09.744+0000] {processor.py:840} INFO - DAG(s) 'example_bash_operator' retrieved from /home/airflow/.local/lib/python3.12/site-packages/airflow/example_dags/example_bash_operator.py
[2024-07-19T00:40:09.772+0000] {logging_mixin.py:188} INFO - [2024-07-19T00:40:09.772+0000] {dag.py:3089} INFO - Sync 1 DAGs
[2024-07-19T00:40:09.793+0000] {logging_mixin.py:188} INFO - [2024-07-19T00:40:09.793+0000] {dag.py:3947} INFO - Setting next_dagrun for example_bash_operator to 2024-07-18 00:00:00+00:00, run_after=2024-07-19 00:00:00+00:00
[2024-07-19T00:40:09.809+0000] {processor.py:183} INFO - Processing /home/airflow/.local/lib/python3.12/site-packages/airflow/example_dags/example_bash_operator.py took 0.084 seconds
[2024-07-19T00:40:39.983+0000] {processor.py:161} INFO - Started process (PID=233) to work on /home/airflow/.local/lib/python3.12/site-packages/airflow/example_dags/example_bash_operator.py
[2024-07-19T00:40:39.984+0000] {processor.py:830} INFO - Processing file /home/airflow/.local/lib/python3.12/site-packages/airflow/example_dags/example_bash_operator.py for tasks to queue
[2024-07-19T00:40:39.986+0000] {logging_mixin.py:188} INFO - [2024-07-19T00:40:39.985+0000] {dagbag.py:545} INFO - Filling up the DagBag from /home/airflow/.local/lib/python3.12/site-packages/airflow/example_dags/example_bash_operator.py
[2024-07-19T00:40:39.996+0000] {processor.py:840} INFO - DAG(s) 'example_bash_operator' retrieved from /home/airflow/.local/lib/python3.12/site-packages/airflow/example_dags/example_bash_operator.py
[2024-07-19T00:40:40.019+0000] {logging_mixin.py:188} INFO - [2024-07-19T00:40:40.019+0000] {dag.py:3089} INFO - Sync 1 DAGs
[2024-07-19T00:40:40.038+0000] {logging_mixin.py:188} INFO - [2024-07-19T00:40:40.038+0000] {dag.py:3947} INFO - Setting next_dagrun for example_bash_operator to 2024-07-18 00:00:00+00:00, run_after=2024-07-19 00:00:00+00:00
[2024-07-19T00:40:40.052+0000] {processor.py:183} INFO - Processing /home/airflow/.local/lib/python3.12/site-packages/airflow/example_dags/example_bash_operator.py took 0.074 seconds
[2024-07-19T00:41:10.134+0000] {processor.py:161} INFO - Started process (PID=291) to work on /home/airflow/.local/lib/python3.12/site-packages/airflow/example_dags/example_bash_operator.py
[2024-07-19T00:41:10.135+0000] {processor.py:830} INFO - Processing file /home/airflow/.local/lib/python3.12/site-packages/airflow/example_dags/example_bash_operator.py for tasks to queue
[2024-07-19T00:41:10.137+0000] {logging_mixin.py:188} INFO - [2024-07-19T00:41:10.136+0000] {dagbag.py:545} INFO - Filling up the DagBag from /home/airflow/.local/lib/python3.12/site-packages/airflow/example_dags/example_bash_operator.py
[2024-07-19T00:41:10.146+0000] {processor.py:840} INFO - DAG(s) 'example_bash_operator' retrieved from /home/airflow/.local/lib/python3.12/site-packages/airflow/example_dags/example_bash_operator.py
[2024-07-19T00:41:10.171+0000] {logging_mixin.py:188} INFO - [2024-07-19T00:41:10.171+0000] {dag.py:3089} INFO - Sync 1 DAGs
[2024-07-19T00:41:10.190+0000] {logging_mixin.py:188} INFO - [2024-07-19T00:41:10.190+0000] {dag.py:3947} INFO - Setting next_dagrun for example_bash_operator to 2024-07-18 00:00:00+00:00, run_after=2024-07-19 00:00:00+00:00
[2024-07-19T00:41:10.206+0000] {processor.py:183} INFO - Processing /home/airflow/.local/lib/python3.12/site-packages/airflow/example_dags/example_bash_operator.py took 0.078 seconds
[2024-07-19T00:41:40.601+0000] {processor.py:161} INFO - Started process (PID=349) to work on /home/airflow/.local/lib/python3.12/site-packages/airflow/example_dags/example_bash_operator.py
[2024-07-19T00:41:40.602+0000] {processor.py:830} INFO - Processing file /home/airflow/.local/lib/python3.12/site-packages/airflow/example_dags/example_bash_operator.py for tasks to queue
[2024-07-19T00:41:40.604+0000] {logging_mixin.py:188} INFO - [2024-07-19T00:41:40.604+0000] {dagbag.py:545} INFO - Filling up the DagBag from /home/airflow/.local/lib/python3.12/site-packages/airflow/example_dags/example_bash_operator.py
[2024-07-19T00:41:40.616+0000] {processor.py:840} INFO - DAG(s) 'example_bash_operator' retrieved from /home/airflow/.local/lib/python3.12/site-packages/airflow/example_dags/example_bash_operator.py
[2024-07-19T00:41:40.649+0000] {logging_mixin.py:188} INFO - [2024-07-19T00:41:40.649+0000] {dag.py:3089} INFO - Sync 1 DAGs
[2024-07-19T00:41:40.673+0000] {logging_mixin.py:188} INFO - [2024-07-19T00:41:40.673+0000] {dag.py:3947} INFO - Setting next_dagrun for example_bash_operator to 2024-07-18 00:00:00+00:00, run_after=2024-07-19 00:00:00+00:00
[2024-07-19T00:41:40.689+0000] {processor.py:183} INFO - Processing /home/airflow/.local/lib/python3.12/site-packages/airflow/example_dags/example_bash_operator.py took 0.095 seconds
