[2024-07-19T00:39:10.682+0000] {processor.py:161} INFO - Started process (PID=84) to work on /home/airflow/.local/lib/python3.12/site-packages/airflow/example_dags/example_sensors.py
[2024-07-19T00:39:10.682+0000] {processor.py:830} INFO - Processing file /home/airflow/.local/lib/python3.12/site-packages/airflow/example_dags/example_sensors.py for tasks to queue
[2024-07-19T00:39:10.684+0000] {logging_mixin.py:188} INFO - [2024-07-19T00:39:10.684+0000] {dagbag.py:545} INFO - Filling up the DagBag from /home/airflow/.local/lib/python3.12/site-packages/airflow/example_dags/example_sensors.py
[2024-07-19T00:39:10.697+0000] {processor.py:840} INFO - DAG(s) 'example_sensors' retrieved from /home/airflow/.local/lib/python3.12/site-packages/airflow/example_dags/example_sensors.py
[2024-07-19T00:39:10.709+0000] {logging_mixin.py:188} INFO - [2024-07-19T00:39:10.709+0000] {dag.py:3089} INFO - Sync 1 DAGs
[2024-07-19T00:39:10.727+0000] {logging_mixin.py:188} INFO - [2024-07-19T00:39:10.726+0000] {dag.py:3947} INFO - Setting next_dagrun for example_sensors to None, run_after=None
[2024-07-19T00:39:10.744+0000] {processor.py:183} INFO - Processing /home/airflow/.local/lib/python3.12/site-packages/airflow/example_dags/example_sensors.py took 0.069 seconds
[2024-07-19T00:39:42.189+0000] {processor.py:161} INFO - Started process (PID=142) to work on /home/airflow/.local/lib/python3.12/site-packages/airflow/example_dags/example_sensors.py
[2024-07-19T00:39:42.189+0000] {processor.py:830} INFO - Processing file /home/airflow/.local/lib/python3.12/site-packages/airflow/example_dags/example_sensors.py for tasks to queue
[2024-07-19T00:39:42.191+0000] {logging_mixin.py:188} INFO - [2024-07-19T00:39:42.191+0000] {dagbag.py:545} INFO - Filling up the DagBag from /home/airflow/.local/lib/python3.12/site-packages/airflow/example_dags/example_sensors.py
[2024-07-19T00:39:42.200+0000] {processor.py:840} INFO - DAG(s) 'example_sensors' retrieved from /home/airflow/.local/lib/python3.12/site-packages/airflow/example_dags/example_sensors.py
[2024-07-19T00:39:42.305+0000] {logging_mixin.py:188} INFO - [2024-07-19T00:39:42.305+0000] {dag.py:3089} INFO - Sync 1 DAGs
[2024-07-19T00:39:42.317+0000] {logging_mixin.py:188} INFO - [2024-07-19T00:39:42.316+0000] {dag.py:3947} INFO - Setting next_dagrun for example_sensors to None, run_after=None
[2024-07-19T00:39:42.334+0000] {processor.py:183} INFO - Processing /home/airflow/.local/lib/python3.12/site-packages/airflow/example_dags/example_sensors.py took 0.151 seconds
[2024-07-19T00:40:13.148+0000] {processor.py:161} INFO - Started process (PID=200) to work on /home/airflow/.local/lib/python3.12/site-packages/airflow/example_dags/example_sensors.py
[2024-07-19T00:40:13.149+0000] {processor.py:830} INFO - Processing file /home/airflow/.local/lib/python3.12/site-packages/airflow/example_dags/example_sensors.py for tasks to queue
[2024-07-19T00:40:13.150+0000] {logging_mixin.py:188} INFO - [2024-07-19T00:40:13.150+0000] {dagbag.py:545} INFO - Filling up the DagBag from /home/airflow/.local/lib/python3.12/site-packages/airflow/example_dags/example_sensors.py
[2024-07-19T00:40:13.160+0000] {processor.py:840} INFO - DAG(s) 'example_sensors' retrieved from /home/airflow/.local/lib/python3.12/site-packages/airflow/example_dags/example_sensors.py
[2024-07-19T00:40:13.187+0000] {logging_mixin.py:188} INFO - [2024-07-19T00:40:13.187+0000] {dag.py:3089} INFO - Sync 1 DAGs
[2024-07-19T00:40:13.201+0000] {logging_mixin.py:188} INFO - [2024-07-19T00:40:13.200+0000] {dag.py:3947} INFO - Setting next_dagrun for example_sensors to None, run_after=None
[2024-07-19T00:40:13.216+0000] {processor.py:183} INFO - Processing /home/airflow/.local/lib/python3.12/site-packages/airflow/example_dags/example_sensors.py took 0.074 seconds
[2024-07-19T00:40:43.391+0000] {processor.py:161} INFO - Started process (PID=258) to work on /home/airflow/.local/lib/python3.12/site-packages/airflow/example_dags/example_sensors.py
[2024-07-19T00:40:43.392+0000] {processor.py:830} INFO - Processing file /home/airflow/.local/lib/python3.12/site-packages/airflow/example_dags/example_sensors.py for tasks to queue
[2024-07-19T00:40:43.394+0000] {logging_mixin.py:188} INFO - [2024-07-19T00:40:43.393+0000] {dagbag.py:545} INFO - Filling up the DagBag from /home/airflow/.local/lib/python3.12/site-packages/airflow/example_dags/example_sensors.py
[2024-07-19T00:40:43.402+0000] {processor.py:840} INFO - DAG(s) 'example_sensors' retrieved from /home/airflow/.local/lib/python3.12/site-packages/airflow/example_dags/example_sensors.py
[2024-07-19T00:40:43.428+0000] {logging_mixin.py:188} INFO - [2024-07-19T00:40:43.428+0000] {dag.py:3089} INFO - Sync 1 DAGs
[2024-07-19T00:40:43.441+0000] {logging_mixin.py:188} INFO - [2024-07-19T00:40:43.440+0000] {dag.py:3947} INFO - Setting next_dagrun for example_sensors to None, run_after=None
[2024-07-19T00:40:43.456+0000] {processor.py:183} INFO - Processing /home/airflow/.local/lib/python3.12/site-packages/airflow/example_dags/example_sensors.py took 0.071 seconds
[2024-07-19T00:41:13.768+0000] {processor.py:161} INFO - Started process (PID=316) to work on /home/airflow/.local/lib/python3.12/site-packages/airflow/example_dags/example_sensors.py
[2024-07-19T00:41:13.769+0000] {processor.py:830} INFO - Processing file /home/airflow/.local/lib/python3.12/site-packages/airflow/example_dags/example_sensors.py for tasks to queue
[2024-07-19T00:41:13.771+0000] {logging_mixin.py:188} INFO - [2024-07-19T00:41:13.770+0000] {dagbag.py:545} INFO - Filling up the DagBag from /home/airflow/.local/lib/python3.12/site-packages/airflow/example_dags/example_sensors.py
[2024-07-19T00:41:13.779+0000] {processor.py:840} INFO - DAG(s) 'example_sensors' retrieved from /home/airflow/.local/lib/python3.12/site-packages/airflow/example_dags/example_sensors.py
[2024-07-19T00:41:13.805+0000] {logging_mixin.py:188} INFO - [2024-07-19T00:41:13.805+0000] {dag.py:3089} INFO - Sync 1 DAGs
[2024-07-19T00:41:13.817+0000] {logging_mixin.py:188} INFO - [2024-07-19T00:41:13.816+0000] {dag.py:3947} INFO - Setting next_dagrun for example_sensors to None, run_after=None
[2024-07-19T00:41:13.832+0000] {processor.py:183} INFO - Processing /home/airflow/.local/lib/python3.12/site-packages/airflow/example_dags/example_sensors.py took 0.070 seconds
[2024-07-19T00:41:44.034+0000] {processor.py:161} INFO - Started process (PID=374) to work on /home/airflow/.local/lib/python3.12/site-packages/airflow/example_dags/example_sensors.py
[2024-07-19T00:41:44.035+0000] {processor.py:830} INFO - Processing file /home/airflow/.local/lib/python3.12/site-packages/airflow/example_dags/example_sensors.py for tasks to queue
[2024-07-19T00:41:44.036+0000] {logging_mixin.py:188} INFO - [2024-07-19T00:41:44.036+0000] {dagbag.py:545} INFO - Filling up the DagBag from /home/airflow/.local/lib/python3.12/site-packages/airflow/example_dags/example_sensors.py
[2024-07-19T00:41:44.044+0000] {processor.py:840} INFO - DAG(s) 'example_sensors' retrieved from /home/airflow/.local/lib/python3.12/site-packages/airflow/example_dags/example_sensors.py
[2024-07-19T00:41:44.074+0000] {logging_mixin.py:188} INFO - [2024-07-19T00:41:44.074+0000] {dag.py:3089} INFO - Sync 1 DAGs
[2024-07-19T00:41:44.092+0000] {logging_mixin.py:188} INFO - [2024-07-19T00:41:44.092+0000] {dag.py:3947} INFO - Setting next_dagrun for example_sensors to None, run_after=None
[2024-07-19T00:41:44.108+0000] {processor.py:183} INFO - Processing /home/airflow/.local/lib/python3.12/site-packages/airflow/example_dags/example_sensors.py took 0.079 seconds
