[2024-07-19T00:39:10.951+0000] {processor.py:161} INFO - Started process (PID=89) to work on /home/airflow/.local/lib/python3.12/site-packages/airflow/example_dags/example_skip_dag.py
[2024-07-19T00:39:10.952+0000] {processor.py:830} INFO - Processing file /home/airflow/.local/lib/python3.12/site-packages/airflow/example_dags/example_skip_dag.py for tasks to queue
[2024-07-19T00:39:10.953+0000] {logging_mixin.py:188} INFO - [2024-07-19T00:39:10.953+0000] {dagbag.py:545} INFO - Filling up the DagBag from /home/airflow/.local/lib/python3.12/site-packages/airflow/example_dags/example_skip_dag.py
[2024-07-19T00:39:10.962+0000] {processor.py:840} INFO - DAG(s) 'example_skip_dag' retrieved from /home/airflow/.local/lib/python3.12/site-packages/airflow/example_dags/example_skip_dag.py
[2024-07-19T00:39:10.974+0000] {logging_mixin.py:188} INFO - [2024-07-19T00:39:10.973+0000] {dag.py:3089} INFO - Sync 1 DAGs
[2024-07-19T00:39:10.996+0000] {logging_mixin.py:188} INFO - [2024-07-19T00:39:10.995+0000] {dag.py:3947} INFO - Setting next_dagrun for example_skip_dag to 2024-07-18 00:00:00+00:00, run_after=2024-07-19 00:00:00+00:00
[2024-07-19T00:39:11.011+0000] {processor.py:183} INFO - Processing /home/airflow/.local/lib/python3.12/site-packages/airflow/example_dags/example_skip_dag.py took 0.066 seconds
[2024-07-19T00:39:42.704+0000] {processor.py:161} INFO - Started process (PID=147) to work on /home/airflow/.local/lib/python3.12/site-packages/airflow/example_dags/example_skip_dag.py
[2024-07-19T00:39:42.705+0000] {processor.py:830} INFO - Processing file /home/airflow/.local/lib/python3.12/site-packages/airflow/example_dags/example_skip_dag.py for tasks to queue
[2024-07-19T00:39:42.707+0000] {logging_mixin.py:188} INFO - [2024-07-19T00:39:42.706+0000] {dagbag.py:545} INFO - Filling up the DagBag from /home/airflow/.local/lib/python3.12/site-packages/airflow/example_dags/example_skip_dag.py
[2024-07-19T00:39:42.714+0000] {processor.py:840} INFO - DAG(s) 'example_skip_dag' retrieved from /home/airflow/.local/lib/python3.12/site-packages/airflow/example_dags/example_skip_dag.py
[2024-07-19T00:39:42.822+0000] {logging_mixin.py:188} INFO - [2024-07-19T00:39:42.821+0000] {dag.py:3089} INFO - Sync 1 DAGs
[2024-07-19T00:39:42.845+0000] {logging_mixin.py:188} INFO - [2024-07-19T00:39:42.845+0000] {dag.py:3947} INFO - Setting next_dagrun for example_skip_dag to 2024-07-18 00:00:00+00:00, run_after=2024-07-19 00:00:00+00:00
[2024-07-19T00:39:42.862+0000] {processor.py:183} INFO - Processing /home/airflow/.local/lib/python3.12/site-packages/airflow/example_dags/example_skip_dag.py took 0.163 seconds
[2024-07-19T00:40:13.450+0000] {processor.py:161} INFO - Started process (PID=205) to work on /home/airflow/.local/lib/python3.12/site-packages/airflow/example_dags/example_skip_dag.py
[2024-07-19T00:40:13.451+0000] {processor.py:830} INFO - Processing file /home/airflow/.local/lib/python3.12/site-packages/airflow/example_dags/example_skip_dag.py for tasks to queue
[2024-07-19T00:40:13.453+0000] {logging_mixin.py:188} INFO - [2024-07-19T00:40:13.452+0000] {dagbag.py:545} INFO - Filling up the DagBag from /home/airflow/.local/lib/python3.12/site-packages/airflow/example_dags/example_skip_dag.py
[2024-07-19T00:40:13.459+0000] {processor.py:840} INFO - DAG(s) 'example_skip_dag' retrieved from /home/airflow/.local/lib/python3.12/site-packages/airflow/example_dags/example_skip_dag.py
[2024-07-19T00:40:13.480+0000] {logging_mixin.py:188} INFO - [2024-07-19T00:40:13.480+0000] {dag.py:3089} INFO - Sync 1 DAGs
[2024-07-19T00:40:13.501+0000] {logging_mixin.py:188} INFO - [2024-07-19T00:40:13.501+0000] {dag.py:3947} INFO - Setting next_dagrun for example_skip_dag to 2024-07-18 00:00:00+00:00, run_after=2024-07-19 00:00:00+00:00
[2024-07-19T00:40:13.516+0000] {processor.py:183} INFO - Processing /home/airflow/.local/lib/python3.12/site-packages/airflow/example_dags/example_skip_dag.py took 0.072 seconds
[2024-07-19T00:40:43.765+0000] {processor.py:161} INFO - Started process (PID=263) to work on /home/airflow/.local/lib/python3.12/site-packages/airflow/example_dags/example_skip_dag.py
[2024-07-19T00:40:43.766+0000] {processor.py:830} INFO - Processing file /home/airflow/.local/lib/python3.12/site-packages/airflow/example_dags/example_skip_dag.py for tasks to queue
[2024-07-19T00:40:43.768+0000] {logging_mixin.py:188} INFO - [2024-07-19T00:40:43.767+0000] {dagbag.py:545} INFO - Filling up the DagBag from /home/airflow/.local/lib/python3.12/site-packages/airflow/example_dags/example_skip_dag.py
[2024-07-19T00:40:43.774+0000] {processor.py:840} INFO - DAG(s) 'example_skip_dag' retrieved from /home/airflow/.local/lib/python3.12/site-packages/airflow/example_dags/example_skip_dag.py
[2024-07-19T00:40:43.794+0000] {logging_mixin.py:188} INFO - [2024-07-19T00:40:43.794+0000] {dag.py:3089} INFO - Sync 1 DAGs
[2024-07-19T00:40:43.813+0000] {logging_mixin.py:188} INFO - [2024-07-19T00:40:43.813+0000] {dag.py:3947} INFO - Setting next_dagrun for example_skip_dag to 2024-07-18 00:00:00+00:00, run_after=2024-07-19 00:00:00+00:00
[2024-07-19T00:40:43.829+0000] {processor.py:183} INFO - Processing /home/airflow/.local/lib/python3.12/site-packages/airflow/example_dags/example_skip_dag.py took 0.069 seconds
[2024-07-19T00:41:14.040+0000] {processor.py:161} INFO - Started process (PID=321) to work on /home/airflow/.local/lib/python3.12/site-packages/airflow/example_dags/example_skip_dag.py
[2024-07-19T00:41:14.041+0000] {processor.py:830} INFO - Processing file /home/airflow/.local/lib/python3.12/site-packages/airflow/example_dags/example_skip_dag.py for tasks to queue
[2024-07-19T00:41:14.042+0000] {logging_mixin.py:188} INFO - [2024-07-19T00:41:14.042+0000] {dagbag.py:545} INFO - Filling up the DagBag from /home/airflow/.local/lib/python3.12/site-packages/airflow/example_dags/example_skip_dag.py
[2024-07-19T00:41:14.049+0000] {processor.py:840} INFO - DAG(s) 'example_skip_dag' retrieved from /home/airflow/.local/lib/python3.12/site-packages/airflow/example_dags/example_skip_dag.py
[2024-07-19T00:41:14.068+0000] {logging_mixin.py:188} INFO - [2024-07-19T00:41:14.068+0000] {dag.py:3089} INFO - Sync 1 DAGs
[2024-07-19T00:41:14.088+0000] {logging_mixin.py:188} INFO - [2024-07-19T00:41:14.088+0000] {dag.py:3947} INFO - Setting next_dagrun for example_skip_dag to 2024-07-18 00:00:00+00:00, run_after=2024-07-19 00:00:00+00:00
[2024-07-19T00:41:14.104+0000] {processor.py:183} INFO - Processing /home/airflow/.local/lib/python3.12/site-packages/airflow/example_dags/example_skip_dag.py took 0.070 seconds
[2024-07-19T00:41:44.318+0000] {processor.py:161} INFO - Started process (PID=379) to work on /home/airflow/.local/lib/python3.12/site-packages/airflow/example_dags/example_skip_dag.py
[2024-07-19T00:41:44.318+0000] {processor.py:830} INFO - Processing file /home/airflow/.local/lib/python3.12/site-packages/airflow/example_dags/example_skip_dag.py for tasks to queue
[2024-07-19T00:41:44.320+0000] {logging_mixin.py:188} INFO - [2024-07-19T00:41:44.320+0000] {dagbag.py:545} INFO - Filling up the DagBag from /home/airflow/.local/lib/python3.12/site-packages/airflow/example_dags/example_skip_dag.py
[2024-07-19T00:41:44.326+0000] {processor.py:840} INFO - DAG(s) 'example_skip_dag' retrieved from /home/airflow/.local/lib/python3.12/site-packages/airflow/example_dags/example_skip_dag.py
[2024-07-19T00:41:44.347+0000] {logging_mixin.py:188} INFO - [2024-07-19T00:41:44.347+0000] {dag.py:3089} INFO - Sync 1 DAGs
[2024-07-19T00:41:44.369+0000] {logging_mixin.py:188} INFO - [2024-07-19T00:41:44.369+0000] {dag.py:3947} INFO - Setting next_dagrun for example_skip_dag to 2024-07-18 00:00:00+00:00, run_after=2024-07-19 00:00:00+00:00
[2024-07-19T00:41:44.384+0000] {processor.py:183} INFO - Processing /home/airflow/.local/lib/python3.12/site-packages/airflow/example_dags/example_skip_dag.py took 0.072 seconds
