[2024-07-19T00:39:10.066+0000] {processor.py:161} INFO - Started process (PID=74) to work on /home/airflow/.local/lib/python3.12/site-packages/airflow/example_dags/example_latest_only.py
[2024-07-19T00:39:10.067+0000] {processor.py:830} INFO - Processing file /home/airflow/.local/lib/python3.12/site-packages/airflow/example_dags/example_latest_only.py for tasks to queue
[2024-07-19T00:39:10.069+0000] {logging_mixin.py:188} INFO - [2024-07-19T00:39:10.069+0000] {dagbag.py:545} INFO - Filling up the DagBag from /home/airflow/.local/lib/python3.12/site-packages/airflow/example_dags/example_latest_only.py
[2024-07-19T00:39:10.078+0000] {processor.py:840} INFO - DAG(s) 'latest_only' retrieved from /home/airflow/.local/lib/python3.12/site-packages/airflow/example_dags/example_latest_only.py
[2024-07-19T00:39:10.138+0000] {logging_mixin.py:188} INFO - [2024-07-19T00:39:10.138+0000] {dag.py:3089} INFO - Sync 1 DAGs
[2024-07-19T00:39:10.164+0000] {logging_mixin.py:188} INFO - [2024-07-19T00:39:10.164+0000] {dag.py:3947} INFO - Setting next_dagrun for latest_only to 2024-07-18 20:00:00+00:00, run_after=2024-07-19 00:00:00+00:00
[2024-07-19T00:39:10.180+0000] {processor.py:183} INFO - Processing /home/airflow/.local/lib/python3.12/site-packages/airflow/example_dags/example_latest_only.py took 0.121 seconds
[2024-07-19T00:39:41.120+0000] {processor.py:161} INFO - Started process (PID=132) to work on /home/airflow/.local/lib/python3.12/site-packages/airflow/example_dags/example_latest_only.py
[2024-07-19T00:39:41.121+0000] {processor.py:830} INFO - Processing file /home/airflow/.local/lib/python3.12/site-packages/airflow/example_dags/example_latest_only.py for tasks to queue
[2024-07-19T00:39:41.123+0000] {logging_mixin.py:188} INFO - [2024-07-19T00:39:41.122+0000] {dagbag.py:545} INFO - Filling up the DagBag from /home/airflow/.local/lib/python3.12/site-packages/airflow/example_dags/example_latest_only.py
[2024-07-19T00:39:41.127+0000] {processor.py:840} INFO - DAG(s) 'latest_only' retrieved from /home/airflow/.local/lib/python3.12/site-packages/airflow/example_dags/example_latest_only.py
[2024-07-19T00:39:41.225+0000] {logging_mixin.py:188} INFO - [2024-07-19T00:39:41.225+0000] {dag.py:3089} INFO - Sync 1 DAGs
[2024-07-19T00:39:41.245+0000] {logging_mixin.py:188} INFO - [2024-07-19T00:39:41.245+0000] {dag.py:3947} INFO - Setting next_dagrun for latest_only to 2024-07-18 20:00:00+00:00, run_after=2024-07-19 00:00:00+00:00
[2024-07-19T00:39:41.261+0000] {processor.py:183} INFO - Processing /home/airflow/.local/lib/python3.12/site-packages/airflow/example_dags/example_latest_only.py took 0.146 seconds
[2024-07-19T00:40:11.561+0000] {processor.py:161} INFO - Started process (PID=190) to work on /home/airflow/.local/lib/python3.12/site-packages/airflow/example_dags/example_latest_only.py
[2024-07-19T00:40:11.562+0000] {processor.py:830} INFO - Processing file /home/airflow/.local/lib/python3.12/site-packages/airflow/example_dags/example_latest_only.py for tasks to queue
[2024-07-19T00:40:11.564+0000] {logging_mixin.py:188} INFO - [2024-07-19T00:40:11.563+0000] {dagbag.py:545} INFO - Filling up the DagBag from /home/airflow/.local/lib/python3.12/site-packages/airflow/example_dags/example_latest_only.py
[2024-07-19T00:40:11.568+0000] {processor.py:840} INFO - DAG(s) 'latest_only' retrieved from /home/airflow/.local/lib/python3.12/site-packages/airflow/example_dags/example_latest_only.py
[2024-07-19T00:40:11.589+0000] {logging_mixin.py:188} INFO - [2024-07-19T00:40:11.588+0000] {dag.py:3089} INFO - Sync 1 DAGs
[2024-07-19T00:40:11.611+0000] {logging_mixin.py:188} INFO - [2024-07-19T00:40:11.610+0000] {dag.py:3947} INFO - Setting next_dagrun for latest_only to 2024-07-18 20:00:00+00:00, run_after=2024-07-19 00:00:00+00:00
[2024-07-19T00:40:11.627+0000] {processor.py:183} INFO - Processing /home/airflow/.local/lib/python3.12/site-packages/airflow/example_dags/example_latest_only.py took 0.072 seconds
[2024-07-19T00:40:41.892+0000] {processor.py:161} INFO - Started process (PID=248) to work on /home/airflow/.local/lib/python3.12/site-packages/airflow/example_dags/example_latest_only.py
[2024-07-19T00:40:41.893+0000] {processor.py:830} INFO - Processing file /home/airflow/.local/lib/python3.12/site-packages/airflow/example_dags/example_latest_only.py for tasks to queue
[2024-07-19T00:40:41.895+0000] {logging_mixin.py:188} INFO - [2024-07-19T00:40:41.894+0000] {dagbag.py:545} INFO - Filling up the DagBag from /home/airflow/.local/lib/python3.12/site-packages/airflow/example_dags/example_latest_only.py
[2024-07-19T00:40:41.899+0000] {processor.py:840} INFO - DAG(s) 'latest_only' retrieved from /home/airflow/.local/lib/python3.12/site-packages/airflow/example_dags/example_latest_only.py
[2024-07-19T00:40:41.917+0000] {logging_mixin.py:188} INFO - [2024-07-19T00:40:41.917+0000] {dag.py:3089} INFO - Sync 1 DAGs
[2024-07-19T00:40:41.938+0000] {logging_mixin.py:188} INFO - [2024-07-19T00:40:41.938+0000] {dag.py:3947} INFO - Setting next_dagrun for latest_only to 2024-07-18 20:00:00+00:00, run_after=2024-07-19 00:00:00+00:00
[2024-07-19T00:40:41.954+0000] {processor.py:183} INFO - Processing /home/airflow/.local/lib/python3.12/site-packages/airflow/example_dags/example_latest_only.py took 0.067 seconds
[2024-07-19T00:41:12.209+0000] {processor.py:161} INFO - Started process (PID=306) to work on /home/airflow/.local/lib/python3.12/site-packages/airflow/example_dags/example_latest_only.py
[2024-07-19T00:41:12.210+0000] {processor.py:830} INFO - Processing file /home/airflow/.local/lib/python3.12/site-packages/airflow/example_dags/example_latest_only.py for tasks to queue
[2024-07-19T00:41:12.211+0000] {logging_mixin.py:188} INFO - [2024-07-19T00:41:12.211+0000] {dagbag.py:545} INFO - Filling up the DagBag from /home/airflow/.local/lib/python3.12/site-packages/airflow/example_dags/example_latest_only.py
[2024-07-19T00:41:12.215+0000] {processor.py:840} INFO - DAG(s) 'latest_only' retrieved from /home/airflow/.local/lib/python3.12/site-packages/airflow/example_dags/example_latest_only.py
[2024-07-19T00:41:12.233+0000] {logging_mixin.py:188} INFO - [2024-07-19T00:41:12.233+0000] {dag.py:3089} INFO - Sync 1 DAGs
[2024-07-19T00:41:12.256+0000] {logging_mixin.py:188} INFO - [2024-07-19T00:41:12.255+0000] {dag.py:3947} INFO - Setting next_dagrun for latest_only to 2024-07-18 20:00:00+00:00, run_after=2024-07-19 00:00:00+00:00
[2024-07-19T00:41:12.271+0000] {processor.py:183} INFO - Processing /home/airflow/.local/lib/python3.12/site-packages/airflow/example_dags/example_latest_only.py took 0.068 seconds
[2024-07-19T00:41:42.509+0000] {processor.py:161} INFO - Started process (PID=364) to work on /home/airflow/.local/lib/python3.12/site-packages/airflow/example_dags/example_latest_only.py
[2024-07-19T00:41:42.510+0000] {processor.py:830} INFO - Processing file /home/airflow/.local/lib/python3.12/site-packages/airflow/example_dags/example_latest_only.py for tasks to queue
[2024-07-19T00:41:42.511+0000] {logging_mixin.py:188} INFO - [2024-07-19T00:41:42.511+0000] {dagbag.py:545} INFO - Filling up the DagBag from /home/airflow/.local/lib/python3.12/site-packages/airflow/example_dags/example_latest_only.py
[2024-07-19T00:41:42.515+0000] {processor.py:840} INFO - DAG(s) 'latest_only' retrieved from /home/airflow/.local/lib/python3.12/site-packages/airflow/example_dags/example_latest_only.py
[2024-07-19T00:41:42.534+0000] {logging_mixin.py:188} INFO - [2024-07-19T00:41:42.533+0000] {dag.py:3089} INFO - Sync 1 DAGs
[2024-07-19T00:41:42.554+0000] {logging_mixin.py:188} INFO - [2024-07-19T00:41:42.553+0000] {dag.py:3947} INFO - Setting next_dagrun for latest_only to 2024-07-18 20:00:00+00:00, run_after=2024-07-19 00:00:00+00:00
[2024-07-19T00:41:42.569+0000] {processor.py:183} INFO - Processing /home/airflow/.local/lib/python3.12/site-packages/airflow/example_dags/example_latest_only.py took 0.065 seconds
