[2024-07-19T00:39:09.341+0000] {processor.py:161} INFO - Started process (PID=63) to work on /home/airflow/.local/lib/python3.12/site-packages/airflow/example_dags/example_branch_operator.py
[2024-07-19T00:39:09.342+0000] {processor.py:830} INFO - Processing file /home/airflow/.local/lib/python3.12/site-packages/airflow/example_dags/example_branch_operator.py for tasks to queue
[2024-07-19T00:39:09.343+0000] {logging_mixin.py:188} INFO - [2024-07-19T00:39:09.343+0000] {dagbag.py:545} INFO - Filling up the DagBag from /home/airflow/.local/lib/python3.12/site-packages/airflow/example_dags/example_branch_operator.py
[2024-07-19T00:39:09.362+0000] {processor.py:840} INFO - DAG(s) 'example_branch_operator' retrieved from /home/airflow/.local/lib/python3.12/site-packages/airflow/example_dags/example_branch_operator.py
[2024-07-19T00:39:09.377+0000] {logging_mixin.py:188} INFO - [2024-07-19T00:39:09.376+0000] {dag.py:3089} INFO - Sync 1 DAGs
[2024-07-19T00:39:09.398+0000] {logging_mixin.py:188} INFO - [2024-07-19T00:39:09.398+0000] {dag.py:3947} INFO - Setting next_dagrun for example_branch_operator to 2024-07-18 00:00:00+00:00, run_after=2024-07-19 00:00:00+00:00
[2024-07-19T00:39:09.414+0000] {processor.py:183} INFO - Processing /home/airflow/.local/lib/python3.12/site-packages/airflow/example_dags/example_branch_operator.py took 0.079 seconds
[2024-07-19T00:39:39.965+0000] {processor.py:161} INFO - Started process (PID=121) to work on /home/airflow/.local/lib/python3.12/site-packages/airflow/example_dags/example_branch_operator.py
[2024-07-19T00:39:39.966+0000] {processor.py:830} INFO - Processing file /home/airflow/.local/lib/python3.12/site-packages/airflow/example_dags/example_branch_operator.py for tasks to queue
[2024-07-19T00:39:39.968+0000] {logging_mixin.py:188} INFO - [2024-07-19T00:39:39.968+0000] {dagbag.py:545} INFO - Filling up the DagBag from /home/airflow/.local/lib/python3.12/site-packages/airflow/example_dags/example_branch_operator.py
[2024-07-19T00:39:39.984+0000] {processor.py:840} INFO - DAG(s) 'example_branch_operator' retrieved from /home/airflow/.local/lib/python3.12/site-packages/airflow/example_dags/example_branch_operator.py
[2024-07-19T00:39:40.085+0000] {logging_mixin.py:188} INFO - [2024-07-19T00:39:40.084+0000] {dag.py:3089} INFO - Sync 1 DAGs
[2024-07-19T00:39:40.105+0000] {logging_mixin.py:188} INFO - [2024-07-19T00:39:40.105+0000] {dag.py:3947} INFO - Setting next_dagrun for example_branch_operator to 2024-07-18 00:00:00+00:00, run_after=2024-07-19 00:00:00+00:00
[2024-07-19T00:39:40.122+0000] {processor.py:183} INFO - Processing /home/airflow/.local/lib/python3.12/site-packages/airflow/example_dags/example_branch_operator.py took 0.161 seconds
[2024-07-19T00:40:10.929+0000] {processor.py:161} INFO - Started process (PID=179) to work on /home/airflow/.local/lib/python3.12/site-packages/airflow/example_dags/example_branch_operator.py
[2024-07-19T00:40:10.930+0000] {processor.py:830} INFO - Processing file /home/airflow/.local/lib/python3.12/site-packages/airflow/example_dags/example_branch_operator.py for tasks to queue
[2024-07-19T00:40:10.931+0000] {logging_mixin.py:188} INFO - [2024-07-19T00:40:10.931+0000] {dagbag.py:545} INFO - Filling up the DagBag from /home/airflow/.local/lib/python3.12/site-packages/airflow/example_dags/example_branch_operator.py
[2024-07-19T00:40:10.946+0000] {processor.py:840} INFO - DAG(s) 'example_branch_operator' retrieved from /home/airflow/.local/lib/python3.12/site-packages/airflow/example_dags/example_branch_operator.py
[2024-07-19T00:40:10.974+0000] {logging_mixin.py:188} INFO - [2024-07-19T00:40:10.974+0000] {dag.py:3089} INFO - Sync 1 DAGs
[2024-07-19T00:40:10.994+0000] {logging_mixin.py:188} INFO - [2024-07-19T00:40:10.994+0000] {dag.py:3947} INFO - Setting next_dagrun for example_branch_operator to 2024-07-18 00:00:00+00:00, run_after=2024-07-19 00:00:00+00:00
[2024-07-19T00:40:11.009+0000] {processor.py:183} INFO - Processing /home/airflow/.local/lib/python3.12/site-packages/airflow/example_dags/example_branch_operator.py took 0.085 seconds
[2024-07-19T00:40:41.171+0000] {processor.py:161} INFO - Started process (PID=237) to work on /home/airflow/.local/lib/python3.12/site-packages/airflow/example_dags/example_branch_operator.py
[2024-07-19T00:40:41.172+0000] {processor.py:830} INFO - Processing file /home/airflow/.local/lib/python3.12/site-packages/airflow/example_dags/example_branch_operator.py for tasks to queue
[2024-07-19T00:40:41.174+0000] {logging_mixin.py:188} INFO - [2024-07-19T00:40:41.173+0000] {dagbag.py:545} INFO - Filling up the DagBag from /home/airflow/.local/lib/python3.12/site-packages/airflow/example_dags/example_branch_operator.py
[2024-07-19T00:40:41.188+0000] {processor.py:840} INFO - DAG(s) 'example_branch_operator' retrieved from /home/airflow/.local/lib/python3.12/site-packages/airflow/example_dags/example_branch_operator.py
[2024-07-19T00:40:41.213+0000] {logging_mixin.py:188} INFO - [2024-07-19T00:40:41.213+0000] {dag.py:3089} INFO - Sync 1 DAGs
[2024-07-19T00:40:41.232+0000] {logging_mixin.py:188} INFO - [2024-07-19T00:40:41.232+0000] {dag.py:3947} INFO - Setting next_dagrun for example_branch_operator to 2024-07-18 00:00:00+00:00, run_after=2024-07-19 00:00:00+00:00
[2024-07-19T00:40:41.247+0000] {processor.py:183} INFO - Processing /home/airflow/.local/lib/python3.12/site-packages/airflow/example_dags/example_branch_operator.py took 0.081 seconds
[2024-07-19T00:41:11.330+0000] {processor.py:161} INFO - Started process (PID=295) to work on /home/airflow/.local/lib/python3.12/site-packages/airflow/example_dags/example_branch_operator.py
[2024-07-19T00:41:11.331+0000] {processor.py:830} INFO - Processing file /home/airflow/.local/lib/python3.12/site-packages/airflow/example_dags/example_branch_operator.py for tasks to queue
[2024-07-19T00:41:11.333+0000] {logging_mixin.py:188} INFO - [2024-07-19T00:41:11.332+0000] {dagbag.py:545} INFO - Filling up the DagBag from /home/airflow/.local/lib/python3.12/site-packages/airflow/example_dags/example_branch_operator.py
[2024-07-19T00:41:11.348+0000] {processor.py:840} INFO - DAG(s) 'example_branch_operator' retrieved from /home/airflow/.local/lib/python3.12/site-packages/airflow/example_dags/example_branch_operator.py
[2024-07-19T00:41:11.374+0000] {logging_mixin.py:188} INFO - [2024-07-19T00:41:11.374+0000] {dag.py:3089} INFO - Sync 1 DAGs
[2024-07-19T00:41:11.394+0000] {logging_mixin.py:188} INFO - [2024-07-19T00:41:11.394+0000] {dag.py:3947} INFO - Setting next_dagrun for example_branch_operator to 2024-07-18 00:00:00+00:00, run_after=2024-07-19 00:00:00+00:00
[2024-07-19T00:41:11.408+0000] {processor.py:183} INFO - Processing /home/airflow/.local/lib/python3.12/site-packages/airflow/example_dags/example_branch_operator.py took 0.083 seconds
[2024-07-19T00:41:41.810+0000] {processor.py:161} INFO - Started process (PID=353) to work on /home/airflow/.local/lib/python3.12/site-packages/airflow/example_dags/example_branch_operator.py
[2024-07-19T00:41:41.811+0000] {processor.py:830} INFO - Processing file /home/airflow/.local/lib/python3.12/site-packages/airflow/example_dags/example_branch_operator.py for tasks to queue
[2024-07-19T00:41:41.812+0000] {logging_mixin.py:188} INFO - [2024-07-19T00:41:41.812+0000] {dagbag.py:545} INFO - Filling up the DagBag from /home/airflow/.local/lib/python3.12/site-packages/airflow/example_dags/example_branch_operator.py
[2024-07-19T00:41:41.827+0000] {processor.py:840} INFO - DAG(s) 'example_branch_operator' retrieved from /home/airflow/.local/lib/python3.12/site-packages/airflow/example_dags/example_branch_operator.py
[2024-07-19T00:41:41.853+0000] {logging_mixin.py:188} INFO - [2024-07-19T00:41:41.853+0000] {dag.py:3089} INFO - Sync 1 DAGs
[2024-07-19T00:41:41.874+0000] {logging_mixin.py:188} INFO - [2024-07-19T00:41:41.874+0000] {dag.py:3947} INFO - Setting next_dagrun for example_branch_operator to 2024-07-18 00:00:00+00:00, run_after=2024-07-19 00:00:00+00:00
[2024-07-19T00:41:41.889+0000] {processor.py:183} INFO - Processing /home/airflow/.local/lib/python3.12/site-packages/airflow/example_dags/example_branch_operator.py took 0.085 seconds
