[2024-07-19T00:39:09.538+0000] {processor.py:161} INFO - Started process (PID=67) to work on /home/airflow/.local/lib/python3.12/site-packages/airflow/example_dags/example_dag_decorator.py
[2024-07-19T00:39:09.539+0000] {processor.py:830} INFO - Processing file /home/airflow/.local/lib/python3.12/site-packages/airflow/example_dags/example_dag_decorator.py for tasks to queue
[2024-07-19T00:39:09.541+0000] {logging_mixin.py:188} INFO - [2024-07-19T00:39:09.540+0000] {dagbag.py:545} INFO - Filling up the DagBag from /home/airflow/.local/lib/python3.12/site-packages/airflow/example_dags/example_dag_decorator.py
[2024-07-19T00:39:09.878+0000] {processor.py:840} INFO - DAG(s) 'example_dag_decorator' retrieved from /home/airflow/.local/lib/python3.12/site-packages/airflow/example_dags/example_dag_decorator.py
[2024-07-19T00:39:09.888+0000] {logging_mixin.py:188} INFO - [2024-07-19T00:39:09.887+0000] {dag.py:3089} INFO - Sync 1 DAGs
[2024-07-19T00:39:09.906+0000] {logging_mixin.py:188} INFO - [2024-07-19T00:39:09.906+0000] {dag.py:3947} INFO - Setting next_dagrun for example_dag_decorator to None, run_after=None
[2024-07-19T00:39:09.930+0000] {processor.py:183} INFO - Processing /home/airflow/.local/lib/python3.12/site-packages/airflow/example_dags/example_dag_decorator.py took 0.397 seconds
[2024-07-19T00:39:40.827+0000] {processor.py:161} INFO - Started process (PID=129) to work on /home/airflow/.local/lib/python3.12/site-packages/airflow/example_dags/example_dag_decorator.py
[2024-07-19T00:39:40.828+0000] {processor.py:830} INFO - Processing file /home/airflow/.local/lib/python3.12/site-packages/airflow/example_dags/example_dag_decorator.py for tasks to queue
[2024-07-19T00:39:40.829+0000] {logging_mixin.py:188} INFO - [2024-07-19T00:39:40.829+0000] {dagbag.py:545} INFO - Filling up the DagBag from /home/airflow/.local/lib/python3.12/site-packages/airflow/example_dags/example_dag_decorator.py
[2024-07-19T00:39:40.924+0000] {processor.py:840} INFO - DAG(s) 'example_dag_decorator' retrieved from /home/airflow/.local/lib/python3.12/site-packages/airflow/example_dags/example_dag_decorator.py
[2024-07-19T00:39:41.022+0000] {logging_mixin.py:188} INFO - [2024-07-19T00:39:41.022+0000] {dag.py:3089} INFO - Sync 1 DAGs
[2024-07-19T00:39:41.031+0000] {logging_mixin.py:188} INFO - [2024-07-19T00:39:41.031+0000] {dag.py:3947} INFO - Setting next_dagrun for example_dag_decorator to None, run_after=None
[2024-07-19T00:39:41.046+0000] {processor.py:183} INFO - Processing /home/airflow/.local/lib/python3.12/site-packages/airflow/example_dags/example_dag_decorator.py took 0.225 seconds
[2024-07-19T00:40:11.302+0000] {processor.py:161} INFO - Started process (PID=186) to work on /home/airflow/.local/lib/python3.12/site-packages/airflow/example_dags/example_dag_decorator.py
[2024-07-19T00:40:11.303+0000] {processor.py:830} INFO - Processing file /home/airflow/.local/lib/python3.12/site-packages/airflow/example_dags/example_dag_decorator.py for tasks to queue
[2024-07-19T00:40:11.304+0000] {logging_mixin.py:188} INFO - [2024-07-19T00:40:11.304+0000] {dagbag.py:545} INFO - Filling up the DagBag from /home/airflow/.local/lib/python3.12/site-packages/airflow/example_dags/example_dag_decorator.py
[2024-07-19T00:40:11.403+0000] {processor.py:840} INFO - DAG(s) 'example_dag_decorator' retrieved from /home/airflow/.local/lib/python3.12/site-packages/airflow/example_dags/example_dag_decorator.py
[2024-07-19T00:40:11.506+0000] {logging_mixin.py:188} INFO - [2024-07-19T00:40:11.506+0000] {dag.py:3089} INFO - Sync 1 DAGs
[2024-07-19T00:40:11.515+0000] {logging_mixin.py:188} INFO - [2024-07-19T00:40:11.515+0000] {dag.py:3947} INFO - Setting next_dagrun for example_dag_decorator to None, run_after=None
[2024-07-19T00:40:11.530+0000] {processor.py:183} INFO - Processing /home/airflow/.local/lib/python3.12/site-packages/airflow/example_dags/example_dag_decorator.py took 0.234 seconds
[2024-07-19T00:40:41.632+0000] {processor.py:161} INFO - Started process (PID=244) to work on /home/airflow/.local/lib/python3.12/site-packages/airflow/example_dags/example_dag_decorator.py
[2024-07-19T00:40:41.633+0000] {processor.py:830} INFO - Processing file /home/airflow/.local/lib/python3.12/site-packages/airflow/example_dags/example_dag_decorator.py for tasks to queue
[2024-07-19T00:40:41.634+0000] {logging_mixin.py:188} INFO - [2024-07-19T00:40:41.634+0000] {dagbag.py:545} INFO - Filling up the DagBag from /home/airflow/.local/lib/python3.12/site-packages/airflow/example_dags/example_dag_decorator.py
[2024-07-19T00:40:41.731+0000] {processor.py:840} INFO - DAG(s) 'example_dag_decorator' retrieved from /home/airflow/.local/lib/python3.12/site-packages/airflow/example_dags/example_dag_decorator.py
[2024-07-19T00:40:41.838+0000] {logging_mixin.py:188} INFO - [2024-07-19T00:40:41.837+0000] {dag.py:3089} INFO - Sync 1 DAGs
[2024-07-19T00:40:41.847+0000] {logging_mixin.py:188} INFO - [2024-07-19T00:40:41.847+0000] {dag.py:3947} INFO - Setting next_dagrun for example_dag_decorator to None, run_after=None
[2024-07-19T00:40:41.863+0000] {processor.py:183} INFO - Processing /home/airflow/.local/lib/python3.12/site-packages/airflow/example_dags/example_dag_decorator.py took 0.237 seconds
[2024-07-19T00:41:11.961+0000] {processor.py:161} INFO - Started process (PID=304) to work on /home/airflow/.local/lib/python3.12/site-packages/airflow/example_dags/example_dag_decorator.py
[2024-07-19T00:41:11.962+0000] {processor.py:830} INFO - Processing file /home/airflow/.local/lib/python3.12/site-packages/airflow/example_dags/example_dag_decorator.py for tasks to queue
[2024-07-19T00:41:11.963+0000] {logging_mixin.py:188} INFO - [2024-07-19T00:41:11.963+0000] {dagbag.py:545} INFO - Filling up the DagBag from /home/airflow/.local/lib/python3.12/site-packages/airflow/example_dags/example_dag_decorator.py
[2024-07-19T00:41:12.054+0000] {processor.py:840} INFO - DAG(s) 'example_dag_decorator' retrieved from /home/airflow/.local/lib/python3.12/site-packages/airflow/example_dags/example_dag_decorator.py
[2024-07-19T00:41:12.150+0000] {logging_mixin.py:188} INFO - [2024-07-19T00:41:12.150+0000] {dag.py:3089} INFO - Sync 1 DAGs
[2024-07-19T00:41:12.159+0000] {logging_mixin.py:188} INFO - [2024-07-19T00:41:12.159+0000] {dag.py:3947} INFO - Setting next_dagrun for example_dag_decorator to None, run_after=None
[2024-07-19T00:41:12.173+0000] {processor.py:183} INFO - Processing /home/airflow/.local/lib/python3.12/site-packages/airflow/example_dags/example_dag_decorator.py took 0.217 seconds
[2024-07-19T00:41:42.379+0000] {processor.py:161} INFO - Started process (PID=362) to work on /home/airflow/.local/lib/python3.12/site-packages/airflow/example_dags/example_dag_decorator.py
[2024-07-19T00:41:42.380+0000] {processor.py:830} INFO - Processing file /home/airflow/.local/lib/python3.12/site-packages/airflow/example_dags/example_dag_decorator.py for tasks to queue
[2024-07-19T00:41:42.381+0000] {logging_mixin.py:188} INFO - [2024-07-19T00:41:42.381+0000] {dagbag.py:545} INFO - Filling up the DagBag from /home/airflow/.local/lib/python3.12/site-packages/airflow/example_dags/example_dag_decorator.py
[2024-07-19T00:41:42.477+0000] {processor.py:840} INFO - DAG(s) 'example_dag_decorator' retrieved from /home/airflow/.local/lib/python3.12/site-packages/airflow/example_dags/example_dag_decorator.py
[2024-07-19T00:41:42.574+0000] {logging_mixin.py:188} INFO - [2024-07-19T00:41:42.574+0000] {dag.py:3089} INFO - Sync 1 DAGs
[2024-07-19T00:41:42.583+0000] {logging_mixin.py:188} INFO - [2024-07-19T00:41:42.583+0000] {dag.py:3947} INFO - Setting next_dagrun for example_dag_decorator to None, run_after=None
[2024-07-19T00:41:42.599+0000] {processor.py:183} INFO - Processing /home/airflow/.local/lib/python3.12/site-packages/airflow/example_dags/example_dag_decorator.py took 0.226 seconds
