[2024-07-19T00:39:11.043+0000] {processor.py:161} INFO - Started process (PID=91) to work on /home/airflow/.local/lib/python3.12/site-packages/airflow/example_dags/example_subdag_operator.py
[2024-07-19T00:39:11.044+0000] {processor.py:830} INFO - Processing file /home/airflow/.local/lib/python3.12/site-packages/airflow/example_dags/example_subdag_operator.py for tasks to queue
[2024-07-19T00:39:11.046+0000] {logging_mixin.py:188} INFO - [2024-07-19T00:39:11.046+0000] {dagbag.py:545} INFO - Filling up the DagBag from /home/airflow/.local/lib/python3.12/site-packages/airflow/example_dags/example_subdag_operator.py
[2024-07-19T00:39:11.069+0000] {processor.py:840} INFO - DAG(s) 'example_subdag_operator.section-1', 'example_subdag_operator.section-2', 'example_subdag_operator' retrieved from /home/airflow/.local/lib/python3.12/site-packages/airflow/example_dags/example_subdag_operator.py
[2024-07-19T00:39:11.072+0000] {logging_mixin.py:188} INFO - [2024-07-19T00:39:11.071+0000] {dag.py:3089} INFO - Sync 3 DAGs
[2024-07-19T00:39:11.092+0000] {logging_mixin.py:188} INFO - [2024-07-19T00:39:11.092+0000] {dag.py:3947} INFO - Setting next_dagrun for example_subdag_operator to 2022-01-01 00:00:00+00:00, run_after=2022-01-01 00:00:00+00:00
[2024-07-19T00:39:11.096+0000] {logging_mixin.py:188} INFO - [2024-07-19T00:39:11.095+0000] {dag.py:3947} INFO - Setting next_dagrun for example_subdag_operator.section-1 to None, run_after=None
[2024-07-19T00:39:11.097+0000] {logging_mixin.py:188} INFO - [2024-07-19T00:39:11.097+0000] {dag.py:3947} INFO - Setting next_dagrun for example_subdag_operator.section-2 to None, run_after=None
[2024-07-19T00:39:11.103+0000] {logging_mixin.py:188} INFO - [2024-07-19T00:39:11.103+0000] {dag.py:3089} INFO - Sync 2 DAGs
[2024-07-19T00:39:11.107+0000] {logging_mixin.py:188} INFO - [2024-07-19T00:39:11.107+0000] {dag.py:3947} INFO - Setting next_dagrun for example_subdag_operator.section-1 to None, run_after=None
[2024-07-19T00:39:11.108+0000] {logging_mixin.py:188} INFO - [2024-07-19T00:39:11.108+0000] {dag.py:3947} INFO - Setting next_dagrun for example_subdag_operator.section-2 to None, run_after=None
[2024-07-19T00:39:11.119+0000] {processor.py:183} INFO - Processing /home/airflow/.local/lib/python3.12/site-packages/airflow/example_dags/example_subdag_operator.py took 0.081 seconds
[2024-07-19T00:39:42.889+0000] {processor.py:161} INFO - Started process (PID=149) to work on /home/airflow/.local/lib/python3.12/site-packages/airflow/example_dags/example_subdag_operator.py
[2024-07-19T00:39:42.890+0000] {processor.py:830} INFO - Processing file /home/airflow/.local/lib/python3.12/site-packages/airflow/example_dags/example_subdag_operator.py for tasks to queue
[2024-07-19T00:39:42.892+0000] {logging_mixin.py:188} INFO - [2024-07-19T00:39:42.892+0000] {dagbag.py:545} INFO - Filling up the DagBag from /home/airflow/.local/lib/python3.12/site-packages/airflow/example_dags/example_subdag_operator.py
[2024-07-19T00:39:42.913+0000] {processor.py:840} INFO - DAG(s) 'example_subdag_operator.section-1', 'example_subdag_operator.section-2', 'example_subdag_operator' retrieved from /home/airflow/.local/lib/python3.12/site-packages/airflow/example_dags/example_subdag_operator.py
[2024-07-19T00:39:43.006+0000] {logging_mixin.py:188} INFO - [2024-07-19T00:39:43.006+0000] {dag.py:3089} INFO - Sync 3 DAGs
[2024-07-19T00:39:43.023+0000] {logging_mixin.py:188} INFO - [2024-07-19T00:39:43.023+0000] {dag.py:3947} INFO - Setting next_dagrun for example_subdag_operator to 2022-01-01 00:00:00+00:00, run_after=2022-01-01 00:00:00+00:00
[2024-07-19T00:39:43.025+0000] {logging_mixin.py:188} INFO - [2024-07-19T00:39:43.025+0000] {dag.py:3947} INFO - Setting next_dagrun for example_subdag_operator.section-1 to None, run_after=None
[2024-07-19T00:39:43.026+0000] {logging_mixin.py:188} INFO - [2024-07-19T00:39:43.026+0000] {dag.py:3947} INFO - Setting next_dagrun for example_subdag_operator.section-2 to None, run_after=None
[2024-07-19T00:39:43.033+0000] {logging_mixin.py:188} INFO - [2024-07-19T00:39:43.033+0000] {dag.py:3089} INFO - Sync 2 DAGs
[2024-07-19T00:39:43.037+0000] {logging_mixin.py:188} INFO - [2024-07-19T00:39:43.037+0000] {dag.py:3947} INFO - Setting next_dagrun for example_subdag_operator.section-1 to None, run_after=None
[2024-07-19T00:39:43.037+0000] {logging_mixin.py:188} INFO - [2024-07-19T00:39:43.037+0000] {dag.py:3947} INFO - Setting next_dagrun for example_subdag_operator.section-2 to None, run_after=None
[2024-07-19T00:39:43.045+0000] {processor.py:183} INFO - Processing /home/airflow/.local/lib/python3.12/site-packages/airflow/example_dags/example_subdag_operator.py took 0.161 seconds
[2024-07-19T00:40:13.637+0000] {processor.py:161} INFO - Started process (PID=207) to work on /home/airflow/.local/lib/python3.12/site-packages/airflow/example_dags/example_subdag_operator.py
[2024-07-19T00:40:13.638+0000] {processor.py:830} INFO - Processing file /home/airflow/.local/lib/python3.12/site-packages/airflow/example_dags/example_subdag_operator.py for tasks to queue
[2024-07-19T00:40:13.640+0000] {logging_mixin.py:188} INFO - [2024-07-19T00:40:13.639+0000] {dagbag.py:545} INFO - Filling up the DagBag from /home/airflow/.local/lib/python3.12/site-packages/airflow/example_dags/example_subdag_operator.py
[2024-07-19T00:40:13.661+0000] {processor.py:840} INFO - DAG(s) 'example_subdag_operator.section-1', 'example_subdag_operator.section-2', 'example_subdag_operator' retrieved from /home/airflow/.local/lib/python3.12/site-packages/airflow/example_dags/example_subdag_operator.py
[2024-07-19T00:40:13.677+0000] {logging_mixin.py:188} INFO - [2024-07-19T00:40:13.677+0000] {dag.py:3089} INFO - Sync 3 DAGs
[2024-07-19T00:40:13.699+0000] {logging_mixin.py:188} INFO - [2024-07-19T00:40:13.699+0000] {dag.py:3947} INFO - Setting next_dagrun for example_subdag_operator to 2022-01-01 00:00:00+00:00, run_after=2022-01-01 00:00:00+00:00
[2024-07-19T00:40:13.702+0000] {logging_mixin.py:188} INFO - [2024-07-19T00:40:13.702+0000] {dag.py:3947} INFO - Setting next_dagrun for example_subdag_operator.section-1 to None, run_after=None
[2024-07-19T00:40:13.703+0000] {logging_mixin.py:188} INFO - [2024-07-19T00:40:13.703+0000] {dag.py:3947} INFO - Setting next_dagrun for example_subdag_operator.section-2 to None, run_after=None
[2024-07-19T00:40:13.710+0000] {logging_mixin.py:188} INFO - [2024-07-19T00:40:13.709+0000] {dag.py:3089} INFO - Sync 2 DAGs
[2024-07-19T00:40:13.714+0000] {logging_mixin.py:188} INFO - [2024-07-19T00:40:13.714+0000] {dag.py:3947} INFO - Setting next_dagrun for example_subdag_operator.section-1 to None, run_after=None
[2024-07-19T00:40:13.715+0000] {logging_mixin.py:188} INFO - [2024-07-19T00:40:13.715+0000] {dag.py:3947} INFO - Setting next_dagrun for example_subdag_operator.section-2 to None, run_after=None
[2024-07-19T00:40:13.725+0000] {processor.py:183} INFO - Processing /home/airflow/.local/lib/python3.12/site-packages/airflow/example_dags/example_subdag_operator.py took 0.093 seconds
[2024-07-19T00:40:43.863+0000] {processor.py:161} INFO - Started process (PID=265) to work on /home/airflow/.local/lib/python3.12/site-packages/airflow/example_dags/example_subdag_operator.py
[2024-07-19T00:40:43.864+0000] {processor.py:830} INFO - Processing file /home/airflow/.local/lib/python3.12/site-packages/airflow/example_dags/example_subdag_operator.py for tasks to queue
[2024-07-19T00:40:43.865+0000] {logging_mixin.py:188} INFO - [2024-07-19T00:40:43.865+0000] {dagbag.py:545} INFO - Filling up the DagBag from /home/airflow/.local/lib/python3.12/site-packages/airflow/example_dags/example_subdag_operator.py
[2024-07-19T00:40:43.888+0000] {processor.py:840} INFO - DAG(s) 'example_subdag_operator.section-1', 'example_subdag_operator.section-2', 'example_subdag_operator' retrieved from /home/airflow/.local/lib/python3.12/site-packages/airflow/example_dags/example_subdag_operator.py
[2024-07-19T00:40:43.906+0000] {logging_mixin.py:188} INFO - [2024-07-19T00:40:43.906+0000] {dag.py:3089} INFO - Sync 3 DAGs
[2024-07-19T00:40:43.927+0000] {logging_mixin.py:188} INFO - [2024-07-19T00:40:43.926+0000] {dag.py:3947} INFO - Setting next_dagrun for example_subdag_operator to 2022-01-01 00:00:00+00:00, run_after=2022-01-01 00:00:00+00:00
[2024-07-19T00:40:43.930+0000] {logging_mixin.py:188} INFO - [2024-07-19T00:40:43.930+0000] {dag.py:3947} INFO - Setting next_dagrun for example_subdag_operator.section-1 to None, run_after=None
[2024-07-19T00:40:43.931+0000] {logging_mixin.py:188} INFO - [2024-07-19T00:40:43.931+0000] {dag.py:3947} INFO - Setting next_dagrun for example_subdag_operator.section-2 to None, run_after=None
[2024-07-19T00:40:43.937+0000] {logging_mixin.py:188} INFO - [2024-07-19T00:40:43.937+0000] {dag.py:3089} INFO - Sync 2 DAGs
[2024-07-19T00:40:43.942+0000] {logging_mixin.py:188} INFO - [2024-07-19T00:40:43.942+0000] {dag.py:3947} INFO - Setting next_dagrun for example_subdag_operator.section-1 to None, run_after=None
[2024-07-19T00:40:43.942+0000] {logging_mixin.py:188} INFO - [2024-07-19T00:40:43.942+0000] {dag.py:3947} INFO - Setting next_dagrun for example_subdag_operator.section-2 to None, run_after=None
[2024-07-19T00:40:43.950+0000] {processor.py:183} INFO - Processing /home/airflow/.local/lib/python3.12/site-packages/airflow/example_dags/example_subdag_operator.py took 0.093 seconds
[2024-07-19T00:41:14.131+0000] {processor.py:161} INFO - Started process (PID=323) to work on /home/airflow/.local/lib/python3.12/site-packages/airflow/example_dags/example_subdag_operator.py
[2024-07-19T00:41:14.132+0000] {processor.py:830} INFO - Processing file /home/airflow/.local/lib/python3.12/site-packages/airflow/example_dags/example_subdag_operator.py for tasks to queue
[2024-07-19T00:41:14.134+0000] {logging_mixin.py:188} INFO - [2024-07-19T00:41:14.134+0000] {dagbag.py:545} INFO - Filling up the DagBag from /home/airflow/.local/lib/python3.12/site-packages/airflow/example_dags/example_subdag_operator.py
[2024-07-19T00:41:14.154+0000] {processor.py:840} INFO - DAG(s) 'example_subdag_operator.section-1', 'example_subdag_operator.section-2', 'example_subdag_operator' retrieved from /home/airflow/.local/lib/python3.12/site-packages/airflow/example_dags/example_subdag_operator.py
[2024-07-19T00:41:14.167+0000] {logging_mixin.py:188} INFO - [2024-07-19T00:41:14.167+0000] {dag.py:3089} INFO - Sync 3 DAGs
[2024-07-19T00:41:14.187+0000] {logging_mixin.py:188} INFO - [2024-07-19T00:41:14.186+0000] {dag.py:3947} INFO - Setting next_dagrun for example_subdag_operator to 2022-01-01 00:00:00+00:00, run_after=2022-01-01 00:00:00+00:00
[2024-07-19T00:41:14.190+0000] {logging_mixin.py:188} INFO - [2024-07-19T00:41:14.189+0000] {dag.py:3947} INFO - Setting next_dagrun for example_subdag_operator.section-1 to None, run_after=None
[2024-07-19T00:41:14.190+0000] {logging_mixin.py:188} INFO - [2024-07-19T00:41:14.190+0000] {dag.py:3947} INFO - Setting next_dagrun for example_subdag_operator.section-2 to None, run_after=None
[2024-07-19T00:41:14.196+0000] {logging_mixin.py:188} INFO - [2024-07-19T00:41:14.196+0000] {dag.py:3089} INFO - Sync 2 DAGs
[2024-07-19T00:41:14.200+0000] {logging_mixin.py:188} INFO - [2024-07-19T00:41:14.200+0000] {dag.py:3947} INFO - Setting next_dagrun for example_subdag_operator.section-1 to None, run_after=None
[2024-07-19T00:41:14.200+0000] {logging_mixin.py:188} INFO - [2024-07-19T00:41:14.200+0000] {dag.py:3947} INFO - Setting next_dagrun for example_subdag_operator.section-2 to None, run_after=None
[2024-07-19T00:41:14.208+0000] {processor.py:183} INFO - Processing /home/airflow/.local/lib/python3.12/site-packages/airflow/example_dags/example_subdag_operator.py took 0.082 seconds
[2024-07-19T00:41:44.415+0000] {processor.py:161} INFO - Started process (PID=381) to work on /home/airflow/.local/lib/python3.12/site-packages/airflow/example_dags/example_subdag_operator.py
[2024-07-19T00:41:44.416+0000] {processor.py:830} INFO - Processing file /home/airflow/.local/lib/python3.12/site-packages/airflow/example_dags/example_subdag_operator.py for tasks to queue
[2024-07-19T00:41:44.417+0000] {logging_mixin.py:188} INFO - [2024-07-19T00:41:44.417+0000] {dagbag.py:545} INFO - Filling up the DagBag from /home/airflow/.local/lib/python3.12/site-packages/airflow/example_dags/example_subdag_operator.py
[2024-07-19T00:41:44.443+0000] {processor.py:840} INFO - DAG(s) 'example_subdag_operator.section-1', 'example_subdag_operator.section-2', 'example_subdag_operator' retrieved from /home/airflow/.local/lib/python3.12/site-packages/airflow/example_dags/example_subdag_operator.py
[2024-07-19T00:41:44.461+0000] {logging_mixin.py:188} INFO - [2024-07-19T00:41:44.461+0000] {dag.py:3089} INFO - Sync 3 DAGs
[2024-07-19T00:41:44.487+0000] {logging_mixin.py:188} INFO - [2024-07-19T00:41:44.487+0000] {dag.py:3947} INFO - Setting next_dagrun for example_subdag_operator to 2022-01-01 00:00:00+00:00, run_after=2022-01-01 00:00:00+00:00
[2024-07-19T00:41:44.491+0000] {logging_mixin.py:188} INFO - [2024-07-19T00:41:44.491+0000] {dag.py:3947} INFO - Setting next_dagrun for example_subdag_operator.section-1 to None, run_after=None
[2024-07-19T00:41:44.492+0000] {logging_mixin.py:188} INFO - [2024-07-19T00:41:44.492+0000] {dag.py:3947} INFO - Setting next_dagrun for example_subdag_operator.section-2 to None, run_after=None
[2024-07-19T00:41:44.500+0000] {logging_mixin.py:188} INFO - [2024-07-19T00:41:44.500+0000] {dag.py:3089} INFO - Sync 2 DAGs
[2024-07-19T00:41:44.505+0000] {logging_mixin.py:188} INFO - [2024-07-19T00:41:44.505+0000] {dag.py:3947} INFO - Setting next_dagrun for example_subdag_operator.section-1 to None, run_after=None
[2024-07-19T00:41:44.505+0000] {logging_mixin.py:188} INFO - [2024-07-19T00:41:44.505+0000] {dag.py:3947} INFO - Setting next_dagrun for example_subdag_operator.section-2 to None, run_after=None
[2024-07-19T00:41:44.515+0000] {processor.py:183} INFO - Processing /home/airflow/.local/lib/python3.12/site-packages/airflow/example_dags/example_subdag_operator.py took 0.106 seconds
