[2024-07-19T00:39:09.464+0000] {processor.py:161} INFO - Started process (PID=66) to work on /home/airflow/.local/lib/python3.12/site-packages/airflow/example_dags/example_complex.py
[2024-07-19T00:39:09.465+0000] {processor.py:830} INFO - Processing file /home/airflow/.local/lib/python3.12/site-packages/airflow/example_dags/example_complex.py for tasks to queue
[2024-07-19T00:39:09.466+0000] {logging_mixin.py:188} INFO - [2024-07-19T00:39:09.466+0000] {dagbag.py:545} INFO - Filling up the DagBag from /home/airflow/.local/lib/python3.12/site-packages/airflow/example_dags/example_complex.py
[2024-07-19T00:39:09.480+0000] {processor.py:840} INFO - DAG(s) 'example_complex' retrieved from /home/airflow/.local/lib/python3.12/site-packages/airflow/example_dags/example_complex.py
[2024-07-19T00:39:09.496+0000] {logging_mixin.py:188} INFO - [2024-07-19T00:39:09.495+0000] {dag.py:3089} INFO - Sync 1 DAGs
[2024-07-19T00:39:09.509+0000] {logging_mixin.py:188} INFO - [2024-07-19T00:39:09.509+0000] {dag.py:3947} INFO - Setting next_dagrun for example_complex to None, run_after=None
[2024-07-19T00:39:09.529+0000] {processor.py:183} INFO - Processing /home/airflow/.local/lib/python3.12/site-packages/airflow/example_dags/example_complex.py took 0.070 seconds
[2024-07-19T00:39:40.319+0000] {processor.py:161} INFO - Started process (PID=124) to work on /home/airflow/.local/lib/python3.12/site-packages/airflow/example_dags/example_complex.py
[2024-07-19T00:39:40.320+0000] {processor.py:830} INFO - Processing file /home/airflow/.local/lib/python3.12/site-packages/airflow/example_dags/example_complex.py for tasks to queue
[2024-07-19T00:39:40.321+0000] {logging_mixin.py:188} INFO - [2024-07-19T00:39:40.321+0000] {dagbag.py:545} INFO - Filling up the DagBag from /home/airflow/.local/lib/python3.12/site-packages/airflow/example_dags/example_complex.py
[2024-07-19T00:39:40.330+0000] {processor.py:840} INFO - DAG(s) 'example_complex' retrieved from /home/airflow/.local/lib/python3.12/site-packages/airflow/example_dags/example_complex.py
[2024-07-19T00:39:40.435+0000] {logging_mixin.py:188} INFO - [2024-07-19T00:39:40.434+0000] {dag.py:3089} INFO - Sync 1 DAGs
[2024-07-19T00:39:40.444+0000] {logging_mixin.py:188} INFO - [2024-07-19T00:39:40.444+0000] {dag.py:3947} INFO - Setting next_dagrun for example_complex to None, run_after=None
[2024-07-19T00:39:40.460+0000] {processor.py:183} INFO - Processing /home/airflow/.local/lib/python3.12/site-packages/airflow/example_dags/example_complex.py took 0.147 seconds
[2024-07-19T00:40:11.055+0000] {processor.py:161} INFO - Started process (PID=182) to work on /home/airflow/.local/lib/python3.12/site-packages/airflow/example_dags/example_complex.py
[2024-07-19T00:40:11.056+0000] {processor.py:830} INFO - Processing file /home/airflow/.local/lib/python3.12/site-packages/airflow/example_dags/example_complex.py for tasks to queue
[2024-07-19T00:40:11.058+0000] {logging_mixin.py:188} INFO - [2024-07-19T00:40:11.057+0000] {dagbag.py:545} INFO - Filling up the DagBag from /home/airflow/.local/lib/python3.12/site-packages/airflow/example_dags/example_complex.py
[2024-07-19T00:40:11.067+0000] {processor.py:840} INFO - DAG(s) 'example_complex' retrieved from /home/airflow/.local/lib/python3.12/site-packages/airflow/example_dags/example_complex.py
[2024-07-19T00:40:11.097+0000] {logging_mixin.py:188} INFO - [2024-07-19T00:40:11.096+0000] {dag.py:3089} INFO - Sync 1 DAGs
[2024-07-19T00:40:11.108+0000] {logging_mixin.py:188} INFO - [2024-07-19T00:40:11.108+0000] {dag.py:3947} INFO - Setting next_dagrun for example_complex to None, run_after=None
[2024-07-19T00:40:11.123+0000] {processor.py:183} INFO - Processing /home/airflow/.local/lib/python3.12/site-packages/airflow/example_dags/example_complex.py took 0.074 seconds
[2024-07-19T00:40:41.395+0000] {processor.py:161} INFO - Started process (PID=240) to work on /home/airflow/.local/lib/python3.12/site-packages/airflow/example_dags/example_complex.py
[2024-07-19T00:40:41.396+0000] {processor.py:830} INFO - Processing file /home/airflow/.local/lib/python3.12/site-packages/airflow/example_dags/example_complex.py for tasks to queue
[2024-07-19T00:40:41.398+0000] {logging_mixin.py:188} INFO - [2024-07-19T00:40:41.397+0000] {dagbag.py:545} INFO - Filling up the DagBag from /home/airflow/.local/lib/python3.12/site-packages/airflow/example_dags/example_complex.py
[2024-07-19T00:40:41.407+0000] {processor.py:840} INFO - DAG(s) 'example_complex' retrieved from /home/airflow/.local/lib/python3.12/site-packages/airflow/example_dags/example_complex.py
[2024-07-19T00:40:41.447+0000] {logging_mixin.py:188} INFO - [2024-07-19T00:40:41.446+0000] {dag.py:3089} INFO - Sync 1 DAGs
[2024-07-19T00:40:41.464+0000] {logging_mixin.py:188} INFO - [2024-07-19T00:40:41.464+0000] {dag.py:3947} INFO - Setting next_dagrun for example_complex to None, run_after=None
[2024-07-19T00:40:41.485+0000] {processor.py:183} INFO - Processing /home/airflow/.local/lib/python3.12/site-packages/airflow/example_dags/example_complex.py took 0.095 seconds
[2024-07-19T00:41:11.554+0000] {processor.py:161} INFO - Started process (PID=298) to work on /home/airflow/.local/lib/python3.12/site-packages/airflow/example_dags/example_complex.py
[2024-07-19T00:41:11.555+0000] {processor.py:830} INFO - Processing file /home/airflow/.local/lib/python3.12/site-packages/airflow/example_dags/example_complex.py for tasks to queue
[2024-07-19T00:41:11.557+0000] {logging_mixin.py:188} INFO - [2024-07-19T00:41:11.556+0000] {dagbag.py:545} INFO - Filling up the DagBag from /home/airflow/.local/lib/python3.12/site-packages/airflow/example_dags/example_complex.py
[2024-07-19T00:41:11.566+0000] {processor.py:840} INFO - DAG(s) 'example_complex' retrieved from /home/airflow/.local/lib/python3.12/site-packages/airflow/example_dags/example_complex.py
[2024-07-19T00:41:11.596+0000] {logging_mixin.py:188} INFO - [2024-07-19T00:41:11.596+0000] {dag.py:3089} INFO - Sync 1 DAGs
[2024-07-19T00:41:11.608+0000] {logging_mixin.py:188} INFO - [2024-07-19T00:41:11.608+0000] {dag.py:3947} INFO - Setting next_dagrun for example_complex to None, run_after=None
[2024-07-19T00:41:11.627+0000] {processor.py:183} INFO - Processing /home/airflow/.local/lib/python3.12/site-packages/airflow/example_dags/example_complex.py took 0.080 seconds
[2024-07-19T00:41:42.020+0000] {processor.py:161} INFO - Started process (PID=356) to work on /home/airflow/.local/lib/python3.12/site-packages/airflow/example_dags/example_complex.py
[2024-07-19T00:41:42.021+0000] {processor.py:830} INFO - Processing file /home/airflow/.local/lib/python3.12/site-packages/airflow/example_dags/example_complex.py for tasks to queue
[2024-07-19T00:41:42.023+0000] {logging_mixin.py:188} INFO - [2024-07-19T00:41:42.022+0000] {dagbag.py:545} INFO - Filling up the DagBag from /home/airflow/.local/lib/python3.12/site-packages/airflow/example_dags/example_complex.py
[2024-07-19T00:41:42.036+0000] {processor.py:840} INFO - DAG(s) 'example_complex' retrieved from /home/airflow/.local/lib/python3.12/site-packages/airflow/example_dags/example_complex.py
[2024-07-19T00:41:42.067+0000] {logging_mixin.py:188} INFO - [2024-07-19T00:41:42.067+0000] {dag.py:3089} INFO - Sync 1 DAGs
[2024-07-19T00:41:42.078+0000] {logging_mixin.py:188} INFO - [2024-07-19T00:41:42.078+0000] {dag.py:3947} INFO - Setting next_dagrun for example_complex to None, run_after=None
[2024-07-19T00:41:42.092+0000] {processor.py:183} INFO - Processing /home/airflow/.local/lib/python3.12/site-packages/airflow/example_dags/example_complex.py took 0.077 seconds
