[2024-07-19T00:39:11.428+0000] {processor.py:161} INFO - Started process (PID=98) to work on /home/airflow/.local/lib/python3.12/site-packages/airflow/example_dags/example_xcomargs.py
[2024-07-19T00:39:11.429+0000] {processor.py:830} INFO - Processing file /home/airflow/.local/lib/python3.12/site-packages/airflow/example_dags/example_xcomargs.py for tasks to queue
[2024-07-19T00:39:11.430+0000] {logging_mixin.py:188} INFO - [2024-07-19T00:39:11.430+0000] {dagbag.py:545} INFO - Filling up the DagBag from /home/airflow/.local/lib/python3.12/site-packages/airflow/example_dags/example_xcomargs.py
[2024-07-19T00:39:11.439+0000] {processor.py:840} INFO - DAG(s) 'example_xcom_args_with_operators', 'example_xcom_args' retrieved from /home/airflow/.local/lib/python3.12/site-packages/airflow/example_dags/example_xcomargs.py
[2024-07-19T00:39:11.452+0000] {logging_mixin.py:188} INFO - [2024-07-19T00:39:11.452+0000] {dag.py:3089} INFO - Sync 2 DAGs
[2024-07-19T00:39:11.467+0000] {logging_mixin.py:188} INFO - [2024-07-19T00:39:11.466+0000] {dag.py:3947} INFO - Setting next_dagrun for example_xcom_args to None, run_after=None
[2024-07-19T00:39:11.471+0000] {logging_mixin.py:188} INFO - [2024-07-19T00:39:11.471+0000] {dag.py:3947} INFO - Setting next_dagrun for example_xcom_args_with_operators to None, run_after=None
[2024-07-19T00:39:11.488+0000] {processor.py:183} INFO - Processing /home/airflow/.local/lib/python3.12/site-packages/airflow/example_dags/example_xcomargs.py took 0.066 seconds
[2024-07-19T00:39:43.564+0000] {processor.py:161} INFO - Started process (PID=156) to work on /home/airflow/.local/lib/python3.12/site-packages/airflow/example_dags/example_xcomargs.py
[2024-07-19T00:39:43.565+0000] {processor.py:830} INFO - Processing file /home/airflow/.local/lib/python3.12/site-packages/airflow/example_dags/example_xcomargs.py for tasks to queue
[2024-07-19T00:39:43.566+0000] {logging_mixin.py:188} INFO - [2024-07-19T00:39:43.566+0000] {dagbag.py:545} INFO - Filling up the DagBag from /home/airflow/.local/lib/python3.12/site-packages/airflow/example_dags/example_xcomargs.py
[2024-07-19T00:39:43.574+0000] {processor.py:840} INFO - DAG(s) 'example_xcom_args', 'example_xcom_args_with_operators' retrieved from /home/airflow/.local/lib/python3.12/site-packages/airflow/example_dags/example_xcomargs.py
[2024-07-19T00:39:43.683+0000] {logging_mixin.py:188} INFO - [2024-07-19T00:39:43.683+0000] {dag.py:3089} INFO - Sync 2 DAGs
[2024-07-19T00:39:43.693+0000] {logging_mixin.py:188} INFO - [2024-07-19T00:39:43.693+0000] {dag.py:3947} INFO - Setting next_dagrun for example_xcom_args to None, run_after=None
[2024-07-19T00:39:43.695+0000] {logging_mixin.py:188} INFO - [2024-07-19T00:39:43.695+0000] {dag.py:3947} INFO - Setting next_dagrun for example_xcom_args_with_operators to None, run_after=None
[2024-07-19T00:39:43.709+0000] {processor.py:183} INFO - Processing /home/airflow/.local/lib/python3.12/site-packages/airflow/example_dags/example_xcomargs.py took 0.151 seconds
[2024-07-19T00:40:14.027+0000] {processor.py:161} INFO - Started process (PID=214) to work on /home/airflow/.local/lib/python3.12/site-packages/airflow/example_dags/example_xcomargs.py
[2024-07-19T00:40:14.027+0000] {processor.py:830} INFO - Processing file /home/airflow/.local/lib/python3.12/site-packages/airflow/example_dags/example_xcomargs.py for tasks to queue
[2024-07-19T00:40:14.029+0000] {logging_mixin.py:188} INFO - [2024-07-19T00:40:14.029+0000] {dagbag.py:545} INFO - Filling up the DagBag from /home/airflow/.local/lib/python3.12/site-packages/airflow/example_dags/example_xcomargs.py
[2024-07-19T00:40:14.037+0000] {processor.py:840} INFO - DAG(s) 'example_xcom_args', 'example_xcom_args_with_operators' retrieved from /home/airflow/.local/lib/python3.12/site-packages/airflow/example_dags/example_xcomargs.py
[2024-07-19T00:40:14.058+0000] {logging_mixin.py:188} INFO - [2024-07-19T00:40:14.058+0000] {dag.py:3089} INFO - Sync 2 DAGs
[2024-07-19T00:40:14.069+0000] {logging_mixin.py:188} INFO - [2024-07-19T00:40:14.069+0000] {dag.py:3947} INFO - Setting next_dagrun for example_xcom_args to None, run_after=None
[2024-07-19T00:40:14.073+0000] {logging_mixin.py:188} INFO - [2024-07-19T00:40:14.072+0000] {dag.py:3947} INFO - Setting next_dagrun for example_xcom_args_with_operators to None, run_after=None
[2024-07-19T00:40:14.085+0000] {processor.py:183} INFO - Processing /home/airflow/.local/lib/python3.12/site-packages/airflow/example_dags/example_xcomargs.py took 0.063 seconds
[2024-07-19T00:40:44.208+0000] {processor.py:161} INFO - Started process (PID=272) to work on /home/airflow/.local/lib/python3.12/site-packages/airflow/example_dags/example_xcomargs.py
[2024-07-19T00:40:44.209+0000] {processor.py:830} INFO - Processing file /home/airflow/.local/lib/python3.12/site-packages/airflow/example_dags/example_xcomargs.py for tasks to queue
[2024-07-19T00:40:44.211+0000] {logging_mixin.py:188} INFO - [2024-07-19T00:40:44.210+0000] {dagbag.py:545} INFO - Filling up the DagBag from /home/airflow/.local/lib/python3.12/site-packages/airflow/example_dags/example_xcomargs.py
[2024-07-19T00:40:44.218+0000] {processor.py:840} INFO - DAG(s) 'example_xcom_args', 'example_xcom_args_with_operators' retrieved from /home/airflow/.local/lib/python3.12/site-packages/airflow/example_dags/example_xcomargs.py
[2024-07-19T00:40:44.240+0000] {logging_mixin.py:188} INFO - [2024-07-19T00:40:44.240+0000] {dag.py:3089} INFO - Sync 2 DAGs
[2024-07-19T00:40:44.252+0000] {logging_mixin.py:188} INFO - [2024-07-19T00:40:44.252+0000] {dag.py:3947} INFO - Setting next_dagrun for example_xcom_args to None, run_after=None
[2024-07-19T00:40:44.255+0000] {logging_mixin.py:188} INFO - [2024-07-19T00:40:44.255+0000] {dag.py:3947} INFO - Setting next_dagrun for example_xcom_args_with_operators to None, run_after=None
[2024-07-19T00:40:44.268+0000] {processor.py:183} INFO - Processing /home/airflow/.local/lib/python3.12/site-packages/airflow/example_dags/example_xcomargs.py took 0.065 seconds
[2024-07-19T00:41:14.582+0000] {processor.py:161} INFO - Started process (PID=330) to work on /home/airflow/.local/lib/python3.12/site-packages/airflow/example_dags/example_xcomargs.py
[2024-07-19T00:41:14.584+0000] {processor.py:830} INFO - Processing file /home/airflow/.local/lib/python3.12/site-packages/airflow/example_dags/example_xcomargs.py for tasks to queue
[2024-07-19T00:41:14.585+0000] {logging_mixin.py:188} INFO - [2024-07-19T00:41:14.585+0000] {dagbag.py:545} INFO - Filling up the DagBag from /home/airflow/.local/lib/python3.12/site-packages/airflow/example_dags/example_xcomargs.py
[2024-07-19T00:41:14.593+0000] {processor.py:840} INFO - DAG(s) 'example_xcom_args', 'example_xcom_args_with_operators' retrieved from /home/airflow/.local/lib/python3.12/site-packages/airflow/example_dags/example_xcomargs.py
[2024-07-19T00:41:14.615+0000] {logging_mixin.py:188} INFO - [2024-07-19T00:41:14.614+0000] {dag.py:3089} INFO - Sync 2 DAGs
[2024-07-19T00:41:14.626+0000] {logging_mixin.py:188} INFO - [2024-07-19T00:41:14.626+0000] {dag.py:3947} INFO - Setting next_dagrun for example_xcom_args to None, run_after=None
[2024-07-19T00:41:14.629+0000] {logging_mixin.py:188} INFO - [2024-07-19T00:41:14.629+0000] {dag.py:3947} INFO - Setting next_dagrun for example_xcom_args_with_operators to None, run_after=None
[2024-07-19T00:41:14.643+0000] {processor.py:183} INFO - Processing /home/airflow/.local/lib/python3.12/site-packages/airflow/example_dags/example_xcomargs.py took 0.066 seconds
[2024-07-19T00:41:44.836+0000] {processor.py:161} INFO - Started process (PID=388) to work on /home/airflow/.local/lib/python3.12/site-packages/airflow/example_dags/example_xcomargs.py
[2024-07-19T00:41:44.837+0000] {processor.py:830} INFO - Processing file /home/airflow/.local/lib/python3.12/site-packages/airflow/example_dags/example_xcomargs.py for tasks to queue
[2024-07-19T00:41:44.838+0000] {logging_mixin.py:188} INFO - [2024-07-19T00:41:44.838+0000] {dagbag.py:545} INFO - Filling up the DagBag from /home/airflow/.local/lib/python3.12/site-packages/airflow/example_dags/example_xcomargs.py
[2024-07-19T00:41:44.845+0000] {processor.py:840} INFO - DAG(s) 'example_xcom_args_with_operators', 'example_xcom_args' retrieved from /home/airflow/.local/lib/python3.12/site-packages/airflow/example_dags/example_xcomargs.py
[2024-07-19T00:41:44.865+0000] {logging_mixin.py:188} INFO - [2024-07-19T00:41:44.865+0000] {dag.py:3089} INFO - Sync 2 DAGs
[2024-07-19T00:41:44.877+0000] {logging_mixin.py:188} INFO - [2024-07-19T00:41:44.877+0000] {dag.py:3947} INFO - Setting next_dagrun for example_xcom_args to None, run_after=None
[2024-07-19T00:41:44.880+0000] {logging_mixin.py:188} INFO - [2024-07-19T00:41:44.880+0000] {dag.py:3947} INFO - Setting next_dagrun for example_xcom_args_with_operators to None, run_after=None
[2024-07-19T00:41:44.892+0000] {processor.py:183} INFO - Processing /home/airflow/.local/lib/python3.12/site-packages/airflow/example_dags/example_xcomargs.py took 0.061 seconds
