[2024-07-19T00:39:09.969+0000] {processor.py:161} INFO - Started process (PID=72) to work on /home/airflow/.local/lib/python3.12/site-packages/airflow/example_dags/example_external_task_marker_dag.py
[2024-07-19T00:39:09.969+0000] {processor.py:830} INFO - Processing file /home/airflow/.local/lib/python3.12/site-packages/airflow/example_dags/example_external_task_marker_dag.py for tasks to queue
[2024-07-19T00:39:09.971+0000] {logging_mixin.py:188} INFO - [2024-07-19T00:39:09.970+0000] {dagbag.py:545} INFO - Filling up the DagBag from /home/airflow/.local/lib/python3.12/site-packages/airflow/example_dags/example_external_task_marker_dag.py
[2024-07-19T00:39:09.980+0000] {processor.py:840} INFO - DAG(s) 'example_external_task_marker_parent', 'example_external_task_marker_child' retrieved from /home/airflow/.local/lib/python3.12/site-packages/airflow/example_dags/example_external_task_marker_dag.py
[2024-07-19T00:39:09.991+0000] {logging_mixin.py:188} INFO - [2024-07-19T00:39:09.991+0000] {dag.py:3089} INFO - Sync 2 DAGs
[2024-07-19T00:39:10.004+0000] {logging_mixin.py:188} INFO - [2024-07-19T00:39:10.003+0000] {dag.py:3947} INFO - Setting next_dagrun for example_external_task_marker_child to None, run_after=None
[2024-07-19T00:39:10.007+0000] {logging_mixin.py:188} INFO - [2024-07-19T00:39:10.007+0000] {dag.py:3947} INFO - Setting next_dagrun for example_external_task_marker_parent to None, run_after=None
[2024-07-19T00:39:10.021+0000] {processor.py:183} INFO - Processing /home/airflow/.local/lib/python3.12/site-packages/airflow/example_dags/example_external_task_marker_dag.py took 0.058 seconds
[2024-07-19T00:39:40.948+0000] {processor.py:161} INFO - Started process (PID=130) to work on /home/airflow/.local/lib/python3.12/site-packages/airflow/example_dags/example_external_task_marker_dag.py
[2024-07-19T00:39:40.949+0000] {processor.py:830} INFO - Processing file /home/airflow/.local/lib/python3.12/site-packages/airflow/example_dags/example_external_task_marker_dag.py for tasks to queue
[2024-07-19T00:39:40.951+0000] {logging_mixin.py:188} INFO - [2024-07-19T00:39:40.951+0000] {dagbag.py:545} INFO - Filling up the DagBag from /home/airflow/.local/lib/python3.12/site-packages/airflow/example_dags/example_external_task_marker_dag.py
[2024-07-19T00:39:40.956+0000] {processor.py:840} INFO - DAG(s) 'example_external_task_marker_parent', 'example_external_task_marker_child' retrieved from /home/airflow/.local/lib/python3.12/site-packages/airflow/example_dags/example_external_task_marker_dag.py
[2024-07-19T00:39:41.064+0000] {logging_mixin.py:188} INFO - [2024-07-19T00:39:41.063+0000] {dag.py:3089} INFO - Sync 2 DAGs
[2024-07-19T00:39:41.074+0000] {logging_mixin.py:188} INFO - [2024-07-19T00:39:41.074+0000] {dag.py:3947} INFO - Setting next_dagrun for example_external_task_marker_child to None, run_after=None
[2024-07-19T00:39:41.077+0000] {logging_mixin.py:188} INFO - [2024-07-19T00:39:41.076+0000] {dag.py:3947} INFO - Setting next_dagrun for example_external_task_marker_parent to None, run_after=None
[2024-07-19T00:39:41.092+0000] {processor.py:183} INFO - Processing /home/airflow/.local/lib/python3.12/site-packages/airflow/example_dags/example_external_task_marker_dag.py took 0.149 seconds
[2024-07-19T00:40:11.428+0000] {processor.py:161} INFO - Started process (PID=188) to work on /home/airflow/.local/lib/python3.12/site-packages/airflow/example_dags/example_external_task_marker_dag.py
[2024-07-19T00:40:11.429+0000] {processor.py:830} INFO - Processing file /home/airflow/.local/lib/python3.12/site-packages/airflow/example_dags/example_external_task_marker_dag.py for tasks to queue
[2024-07-19T00:40:11.431+0000] {logging_mixin.py:188} INFO - [2024-07-19T00:40:11.430+0000] {dagbag.py:545} INFO - Filling up the DagBag from /home/airflow/.local/lib/python3.12/site-packages/airflow/example_dags/example_external_task_marker_dag.py
[2024-07-19T00:40:11.437+0000] {processor.py:840} INFO - DAG(s) 'example_external_task_marker_parent', 'example_external_task_marker_child' retrieved from /home/airflow/.local/lib/python3.12/site-packages/airflow/example_dags/example_external_task_marker_dag.py
[2024-07-19T00:40:11.459+0000] {logging_mixin.py:188} INFO - [2024-07-19T00:40:11.459+0000] {dag.py:3089} INFO - Sync 2 DAGs
[2024-07-19T00:40:11.472+0000] {logging_mixin.py:188} INFO - [2024-07-19T00:40:11.472+0000] {dag.py:3947} INFO - Setting next_dagrun for example_external_task_marker_child to None, run_after=None
[2024-07-19T00:40:11.475+0000] {logging_mixin.py:188} INFO - [2024-07-19T00:40:11.475+0000] {dag.py:3947} INFO - Setting next_dagrun for example_external_task_marker_parent to None, run_after=None
[2024-07-19T00:40:11.488+0000] {processor.py:183} INFO - Processing /home/airflow/.local/lib/python3.12/site-packages/airflow/example_dags/example_external_task_marker_dag.py took 0.066 seconds
[2024-07-19T00:40:41.789+0000] {processor.py:161} INFO - Started process (PID=246) to work on /home/airflow/.local/lib/python3.12/site-packages/airflow/example_dags/example_external_task_marker_dag.py
[2024-07-19T00:40:41.790+0000] {processor.py:830} INFO - Processing file /home/airflow/.local/lib/python3.12/site-packages/airflow/example_dags/example_external_task_marker_dag.py for tasks to queue
[2024-07-19T00:40:41.792+0000] {logging_mixin.py:188} INFO - [2024-07-19T00:40:41.792+0000] {dagbag.py:545} INFO - Filling up the DagBag from /home/airflow/.local/lib/python3.12/site-packages/airflow/example_dags/example_external_task_marker_dag.py
[2024-07-19T00:40:41.797+0000] {processor.py:840} INFO - DAG(s) 'example_external_task_marker_parent', 'example_external_task_marker_child' retrieved from /home/airflow/.local/lib/python3.12/site-packages/airflow/example_dags/example_external_task_marker_dag.py
[2024-07-19T00:40:41.820+0000] {logging_mixin.py:188} INFO - [2024-07-19T00:40:41.820+0000] {dag.py:3089} INFO - Sync 2 DAGs
[2024-07-19T00:40:41.833+0000] {logging_mixin.py:188} INFO - [2024-07-19T00:40:41.833+0000] {dag.py:3947} INFO - Setting next_dagrun for example_external_task_marker_child to None, run_after=None
[2024-07-19T00:40:41.838+0000] {logging_mixin.py:188} INFO - [2024-07-19T00:40:41.837+0000] {dag.py:3947} INFO - Setting next_dagrun for example_external_task_marker_parent to None, run_after=None
[2024-07-19T00:40:41.853+0000] {processor.py:183} INFO - Processing /home/airflow/.local/lib/python3.12/site-packages/airflow/example_dags/example_external_task_marker_dag.py took 0.069 seconds
[2024-07-19T00:41:11.878+0000] {processor.py:161} INFO - Started process (PID=303) to work on /home/airflow/.local/lib/python3.12/site-packages/airflow/example_dags/example_external_task_marker_dag.py
[2024-07-19T00:41:11.879+0000] {processor.py:830} INFO - Processing file /home/airflow/.local/lib/python3.12/site-packages/airflow/example_dags/example_external_task_marker_dag.py for tasks to queue
[2024-07-19T00:41:11.881+0000] {logging_mixin.py:188} INFO - [2024-07-19T00:41:11.880+0000] {dagbag.py:545} INFO - Filling up the DagBag from /home/airflow/.local/lib/python3.12/site-packages/airflow/example_dags/example_external_task_marker_dag.py
[2024-07-19T00:41:11.886+0000] {processor.py:840} INFO - DAG(s) 'example_external_task_marker_parent', 'example_external_task_marker_child' retrieved from /home/airflow/.local/lib/python3.12/site-packages/airflow/example_dags/example_external_task_marker_dag.py
[2024-07-19T00:41:11.907+0000] {logging_mixin.py:188} INFO - [2024-07-19T00:41:11.907+0000] {dag.py:3089} INFO - Sync 2 DAGs
[2024-07-19T00:41:11.919+0000] {logging_mixin.py:188} INFO - [2024-07-19T00:41:11.919+0000] {dag.py:3947} INFO - Setting next_dagrun for example_external_task_marker_child to None, run_after=None
[2024-07-19T00:41:11.922+0000] {logging_mixin.py:188} INFO - [2024-07-19T00:41:11.922+0000] {dag.py:3947} INFO - Setting next_dagrun for example_external_task_marker_parent to None, run_after=None
[2024-07-19T00:41:11.934+0000] {processor.py:183} INFO - Processing /home/airflow/.local/lib/python3.12/site-packages/airflow/example_dags/example_external_task_marker_dag.py took 0.061 seconds
[2024-07-19T00:41:42.314+0000] {processor.py:161} INFO - Started process (PID=361) to work on /home/airflow/.local/lib/python3.12/site-packages/airflow/example_dags/example_external_task_marker_dag.py
[2024-07-19T00:41:42.315+0000] {processor.py:830} INFO - Processing file /home/airflow/.local/lib/python3.12/site-packages/airflow/example_dags/example_external_task_marker_dag.py for tasks to queue
[2024-07-19T00:41:42.317+0000] {logging_mixin.py:188} INFO - [2024-07-19T00:41:42.316+0000] {dagbag.py:545} INFO - Filling up the DagBag from /home/airflow/.local/lib/python3.12/site-packages/airflow/example_dags/example_external_task_marker_dag.py
[2024-07-19T00:41:42.322+0000] {processor.py:840} INFO - DAG(s) 'example_external_task_marker_child', 'example_external_task_marker_parent' retrieved from /home/airflow/.local/lib/python3.12/site-packages/airflow/example_dags/example_external_task_marker_dag.py
[2024-07-19T00:41:42.343+0000] {logging_mixin.py:188} INFO - [2024-07-19T00:41:42.343+0000] {dag.py:3089} INFO - Sync 2 DAGs
[2024-07-19T00:41:42.355+0000] {logging_mixin.py:188} INFO - [2024-07-19T00:41:42.354+0000] {dag.py:3947} INFO - Setting next_dagrun for example_external_task_marker_child to None, run_after=None
[2024-07-19T00:41:42.358+0000] {logging_mixin.py:188} INFO - [2024-07-19T00:41:42.357+0000] {dag.py:3947} INFO - Setting next_dagrun for example_external_task_marker_parent to None, run_after=None
[2024-07-19T00:41:42.370+0000] {processor.py:183} INFO - Processing /home/airflow/.local/lib/python3.12/site-packages/airflow/example_dags/example_external_task_marker_dag.py took 0.062 seconds
