[2024-07-19T00:39:10.970+0000] {processor.py:161} INFO - Started process (PID=90) to work on /home/airflow/.local/lib/python3.12/site-packages/airflow/example_dags/example_sla_dag.py
[2024-07-19T00:39:10.970+0000] {processor.py:830} INFO - Processing file /home/airflow/.local/lib/python3.12/site-packages/airflow/example_dags/example_sla_dag.py for tasks to queue
[2024-07-19T00:39:10.972+0000] {logging_mixin.py:188} INFO - [2024-07-19T00:39:10.972+0000] {dagbag.py:545} INFO - Filling up the DagBag from /home/airflow/.local/lib/python3.12/site-packages/airflow/example_dags/example_sla_dag.py
[2024-07-19T00:39:10.982+0000] {processor.py:840} INFO - DAG(s) 'example_sla_dag' retrieved from /home/airflow/.local/lib/python3.12/site-packages/airflow/example_dags/example_sla_dag.py
[2024-07-19T00:39:10.994+0000] {logging_mixin.py:188} INFO - [2024-07-19T00:39:10.994+0000] {dag.py:3089} INFO - Sync 1 DAGs
[2024-07-19T00:39:11.019+0000] {logging_mixin.py:188} INFO - [2024-07-19T00:39:11.019+0000] {dag.py:3947} INFO - Setting next_dagrun for example_sla_dag to 2024-07-19 00:36:00+00:00, run_after=2024-07-19 00:38:00+00:00
[2024-07-19T00:39:11.035+0000] {processor.py:183} INFO - Processing /home/airflow/.local/lib/python3.12/site-packages/airflow/example_dags/example_sla_dag.py took 0.071 seconds
[2024-07-19T00:39:42.723+0000] {processor.py:161} INFO - Started process (PID=148) to work on /home/airflow/.local/lib/python3.12/site-packages/airflow/example_dags/example_sla_dag.py
[2024-07-19T00:39:42.724+0000] {processor.py:830} INFO - Processing file /home/airflow/.local/lib/python3.12/site-packages/airflow/example_dags/example_sla_dag.py for tasks to queue
[2024-07-19T00:39:42.725+0000] {logging_mixin.py:188} INFO - [2024-07-19T00:39:42.725+0000] {dagbag.py:545} INFO - Filling up the DagBag from /home/airflow/.local/lib/python3.12/site-packages/airflow/example_dags/example_sla_dag.py
[2024-07-19T00:39:42.733+0000] {processor.py:840} INFO - DAG(s) 'example_sla_dag' retrieved from /home/airflow/.local/lib/python3.12/site-packages/airflow/example_dags/example_sla_dag.py
[2024-07-19T00:39:42.832+0000] {logging_mixin.py:188} INFO - [2024-07-19T00:39:42.832+0000] {dag.py:3089} INFO - Sync 1 DAGs
[2024-07-19T00:39:42.854+0000] {logging_mixin.py:188} INFO - [2024-07-19T00:39:42.854+0000] {dag.py:3947} INFO - Setting next_dagrun for example_sla_dag to 2024-07-19 00:36:00+00:00, run_after=2024-07-19 00:38:00+00:00
[2024-07-19T00:39:42.870+0000] {processor.py:183} INFO - Processing /home/airflow/.local/lib/python3.12/site-packages/airflow/example_dags/example_sla_dag.py took 0.153 seconds
[2024-07-19T00:40:13.544+0000] {processor.py:161} INFO - Started process (PID=206) to work on /home/airflow/.local/lib/python3.12/site-packages/airflow/example_dags/example_sla_dag.py
[2024-07-19T00:40:13.545+0000] {processor.py:830} INFO - Processing file /home/airflow/.local/lib/python3.12/site-packages/airflow/example_dags/example_sla_dag.py for tasks to queue
[2024-07-19T00:40:13.546+0000] {logging_mixin.py:188} INFO - [2024-07-19T00:40:13.546+0000] {dagbag.py:545} INFO - Filling up the DagBag from /home/airflow/.local/lib/python3.12/site-packages/airflow/example_dags/example_sla_dag.py
[2024-07-19T00:40:13.554+0000] {processor.py:840} INFO - DAG(s) 'example_sla_dag' retrieved from /home/airflow/.local/lib/python3.12/site-packages/airflow/example_dags/example_sla_dag.py
[2024-07-19T00:40:13.573+0000] {logging_mixin.py:188} INFO - [2024-07-19T00:40:13.572+0000] {dag.py:3089} INFO - Sync 1 DAGs
[2024-07-19T00:40:13.596+0000] {logging_mixin.py:188} INFO - [2024-07-19T00:40:13.595+0000] {dag.py:3947} INFO - Setting next_dagrun for example_sla_dag to 2024-07-19 00:38:00+00:00, run_after=2024-07-19 00:40:00+00:00
[2024-07-19T00:40:13.610+0000] {processor.py:183} INFO - Processing /home/airflow/.local/lib/python3.12/site-packages/airflow/example_dags/example_sla_dag.py took 0.072 seconds
[2024-07-19T00:40:43.855+0000] {processor.py:161} INFO - Started process (PID=264) to work on /home/airflow/.local/lib/python3.12/site-packages/airflow/example_dags/example_sla_dag.py
[2024-07-19T00:40:43.856+0000] {processor.py:830} INFO - Processing file /home/airflow/.local/lib/python3.12/site-packages/airflow/example_dags/example_sla_dag.py for tasks to queue
[2024-07-19T00:40:43.858+0000] {logging_mixin.py:188} INFO - [2024-07-19T00:40:43.858+0000] {dagbag.py:545} INFO - Filling up the DagBag from /home/airflow/.local/lib/python3.12/site-packages/airflow/example_dags/example_sla_dag.py
[2024-07-19T00:40:43.866+0000] {processor.py:840} INFO - DAG(s) 'example_sla_dag' retrieved from /home/airflow/.local/lib/python3.12/site-packages/airflow/example_dags/example_sla_dag.py
[2024-07-19T00:40:43.884+0000] {logging_mixin.py:188} INFO - [2024-07-19T00:40:43.883+0000] {dag.py:3089} INFO - Sync 1 DAGs
[2024-07-19T00:40:43.904+0000] {logging_mixin.py:188} INFO - [2024-07-19T00:40:43.904+0000] {dag.py:3947} INFO - Setting next_dagrun for example_sla_dag to 2024-07-19 00:38:00+00:00, run_after=2024-07-19 00:40:00+00:00
[2024-07-19T00:40:43.921+0000] {processor.py:183} INFO - Processing /home/airflow/.local/lib/python3.12/site-packages/airflow/example_dags/example_sla_dag.py took 0.070 seconds
[2024-07-19T00:41:14.059+0000] {processor.py:161} INFO - Started process (PID=322) to work on /home/airflow/.local/lib/python3.12/site-packages/airflow/example_dags/example_sla_dag.py
[2024-07-19T00:41:14.060+0000] {processor.py:830} INFO - Processing file /home/airflow/.local/lib/python3.12/site-packages/airflow/example_dags/example_sla_dag.py for tasks to queue
[2024-07-19T00:41:14.061+0000] {logging_mixin.py:188} INFO - [2024-07-19T00:41:14.061+0000] {dagbag.py:545} INFO - Filling up the DagBag from /home/airflow/.local/lib/python3.12/site-packages/airflow/example_dags/example_sla_dag.py
[2024-07-19T00:41:14.069+0000] {processor.py:840} INFO - DAG(s) 'example_sla_dag' retrieved from /home/airflow/.local/lib/python3.12/site-packages/airflow/example_dags/example_sla_dag.py
[2024-07-19T00:41:14.087+0000] {logging_mixin.py:188} INFO - [2024-07-19T00:41:14.087+0000] {dag.py:3089} INFO - Sync 1 DAGs
[2024-07-19T00:41:14.111+0000] {logging_mixin.py:188} INFO - [2024-07-19T00:41:14.111+0000] {dag.py:3947} INFO - Setting next_dagrun for example_sla_dag to 2024-07-19 00:38:00+00:00, run_after=2024-07-19 00:40:00+00:00
[2024-07-19T00:41:14.126+0000] {processor.py:183} INFO - Processing /home/airflow/.local/lib/python3.12/site-packages/airflow/example_dags/example_sla_dag.py took 0.073 seconds
[2024-07-19T00:41:44.331+0000] {processor.py:161} INFO - Started process (PID=380) to work on /home/airflow/.local/lib/python3.12/site-packages/airflow/example_dags/example_sla_dag.py
[2024-07-19T00:41:44.332+0000] {processor.py:830} INFO - Processing file /home/airflow/.local/lib/python3.12/site-packages/airflow/example_dags/example_sla_dag.py for tasks to queue
[2024-07-19T00:41:44.334+0000] {logging_mixin.py:188} INFO - [2024-07-19T00:41:44.333+0000] {dagbag.py:545} INFO - Filling up the DagBag from /home/airflow/.local/lib/python3.12/site-packages/airflow/example_dags/example_sla_dag.py
[2024-07-19T00:41:44.342+0000] {processor.py:840} INFO - DAG(s) 'example_sla_dag' retrieved from /home/airflow/.local/lib/python3.12/site-packages/airflow/example_dags/example_sla_dag.py
[2024-07-19T00:41:44.362+0000] {logging_mixin.py:188} INFO - [2024-07-19T00:41:44.362+0000] {dag.py:3089} INFO - Sync 1 DAGs
[2024-07-19T00:41:44.385+0000] {logging_mixin.py:188} INFO - [2024-07-19T00:41:44.385+0000] {dag.py:3947} INFO - Setting next_dagrun for example_sla_dag to 2024-07-19 00:38:00+00:00, run_after=2024-07-19 00:40:00+00:00
[2024-07-19T00:41:44.400+0000] {processor.py:183} INFO - Processing /home/airflow/.local/lib/python3.12/site-packages/airflow/example_dags/example_sla_dag.py took 0.074 seconds
