[2024-07-19T00:39:11.518+0000] {processor.py:161} INFO - Started process (PID=100) to work on /home/airflow/.local/lib/python3.12/site-packages/airflow/example_dags/tutorial_dag.py
[2024-07-19T00:39:11.519+0000] {processor.py:830} INFO - Processing file /home/airflow/.local/lib/python3.12/site-packages/airflow/example_dags/tutorial_dag.py for tasks to queue
[2024-07-19T00:39:11.521+0000] {logging_mixin.py:188} INFO - [2024-07-19T00:39:11.521+0000] {dagbag.py:545} INFO - Filling up the DagBag from /home/airflow/.local/lib/python3.12/site-packages/airflow/example_dags/tutorial_dag.py
[2024-07-19T00:39:11.528+0000] {processor.py:840} INFO - DAG(s) 'tutorial_dag' retrieved from /home/airflow/.local/lib/python3.12/site-packages/airflow/example_dags/tutorial_dag.py
[2024-07-19T00:39:11.540+0000] {logging_mixin.py:188} INFO - [2024-07-19T00:39:11.540+0000] {dag.py:3089} INFO - Sync 1 DAGs
[2024-07-19T00:39:11.558+0000] {logging_mixin.py:188} INFO - [2024-07-19T00:39:11.558+0000] {dag.py:3947} INFO - Setting next_dagrun for tutorial_dag to None, run_after=None
[2024-07-19T00:39:11.579+0000] {processor.py:183} INFO - Processing /home/airflow/.local/lib/python3.12/site-packages/airflow/example_dags/tutorial_dag.py took 0.068 seconds
[2024-07-19T00:39:43.738+0000] {processor.py:161} INFO - Started process (PID=158) to work on /home/airflow/.local/lib/python3.12/site-packages/airflow/example_dags/tutorial_dag.py
[2024-07-19T00:39:43.739+0000] {processor.py:830} INFO - Processing file /home/airflow/.local/lib/python3.12/site-packages/airflow/example_dags/tutorial_dag.py for tasks to queue
[2024-07-19T00:39:43.740+0000] {logging_mixin.py:188} INFO - [2024-07-19T00:39:43.740+0000] {dagbag.py:545} INFO - Filling up the DagBag from /home/airflow/.local/lib/python3.12/site-packages/airflow/example_dags/tutorial_dag.py
[2024-07-19T00:39:43.746+0000] {processor.py:840} INFO - DAG(s) 'tutorial_dag' retrieved from /home/airflow/.local/lib/python3.12/site-packages/airflow/example_dags/tutorial_dag.py
[2024-07-19T00:39:43.850+0000] {logging_mixin.py:188} INFO - [2024-07-19T00:39:43.850+0000] {dag.py:3089} INFO - Sync 1 DAGs
[2024-07-19T00:39:43.859+0000] {logging_mixin.py:188} INFO - [2024-07-19T00:39:43.859+0000] {dag.py:3947} INFO - Setting next_dagrun for tutorial_dag to None, run_after=None
[2024-07-19T00:39:43.874+0000] {processor.py:183} INFO - Processing /home/airflow/.local/lib/python3.12/site-packages/airflow/example_dags/tutorial_dag.py took 0.142 seconds
[2024-07-19T00:40:14.121+0000] {processor.py:161} INFO - Started process (PID=216) to work on /home/airflow/.local/lib/python3.12/site-packages/airflow/example_dags/tutorial_dag.py
[2024-07-19T00:40:14.122+0000] {processor.py:830} INFO - Processing file /home/airflow/.local/lib/python3.12/site-packages/airflow/example_dags/tutorial_dag.py for tasks to queue
[2024-07-19T00:40:14.124+0000] {logging_mixin.py:188} INFO - [2024-07-19T00:40:14.123+0000] {dagbag.py:545} INFO - Filling up the DagBag from /home/airflow/.local/lib/python3.12/site-packages/airflow/example_dags/tutorial_dag.py
[2024-07-19T00:40:14.129+0000] {processor.py:840} INFO - DAG(s) 'tutorial_dag' retrieved from /home/airflow/.local/lib/python3.12/site-packages/airflow/example_dags/tutorial_dag.py
[2024-07-19T00:40:14.148+0000] {logging_mixin.py:188} INFO - [2024-07-19T00:40:14.147+0000] {dag.py:3089} INFO - Sync 1 DAGs
[2024-07-19T00:40:14.160+0000] {logging_mixin.py:188} INFO - [2024-07-19T00:40:14.160+0000] {dag.py:3947} INFO - Setting next_dagrun for tutorial_dag to None, run_after=None
[2024-07-19T00:40:14.175+0000] {processor.py:183} INFO - Processing /home/airflow/.local/lib/python3.12/site-packages/airflow/example_dags/tutorial_dag.py took 0.059 seconds
[2024-07-19T00:40:44.296+0000] {processor.py:161} INFO - Started process (PID=274) to work on /home/airflow/.local/lib/python3.12/site-packages/airflow/example_dags/tutorial_dag.py
[2024-07-19T00:40:44.297+0000] {processor.py:830} INFO - Processing file /home/airflow/.local/lib/python3.12/site-packages/airflow/example_dags/tutorial_dag.py for tasks to queue
[2024-07-19T00:40:44.299+0000] {logging_mixin.py:188} INFO - [2024-07-19T00:40:44.299+0000] {dagbag.py:545} INFO - Filling up the DagBag from /home/airflow/.local/lib/python3.12/site-packages/airflow/example_dags/tutorial_dag.py
[2024-07-19T00:40:44.304+0000] {processor.py:840} INFO - DAG(s) 'tutorial_dag' retrieved from /home/airflow/.local/lib/python3.12/site-packages/airflow/example_dags/tutorial_dag.py
[2024-07-19T00:40:44.323+0000] {logging_mixin.py:188} INFO - [2024-07-19T00:40:44.323+0000] {dag.py:3089} INFO - Sync 1 DAGs
[2024-07-19T00:40:44.335+0000] {logging_mixin.py:188} INFO - [2024-07-19T00:40:44.334+0000] {dag.py:3947} INFO - Setting next_dagrun for tutorial_dag to None, run_after=None
[2024-07-19T00:40:44.351+0000] {processor.py:183} INFO - Processing /home/airflow/.local/lib/python3.12/site-packages/airflow/example_dags/tutorial_dag.py took 0.060 seconds
[2024-07-19T00:41:14.671+0000] {processor.py:161} INFO - Started process (PID=332) to work on /home/airflow/.local/lib/python3.12/site-packages/airflow/example_dags/tutorial_dag.py
[2024-07-19T00:41:14.672+0000] {processor.py:830} INFO - Processing file /home/airflow/.local/lib/python3.12/site-packages/airflow/example_dags/tutorial_dag.py for tasks to queue
[2024-07-19T00:41:14.673+0000] {logging_mixin.py:188} INFO - [2024-07-19T00:41:14.673+0000] {dagbag.py:545} INFO - Filling up the DagBag from /home/airflow/.local/lib/python3.12/site-packages/airflow/example_dags/tutorial_dag.py
[2024-07-19T00:41:14.679+0000] {processor.py:840} INFO - DAG(s) 'tutorial_dag' retrieved from /home/airflow/.local/lib/python3.12/site-packages/airflow/example_dags/tutorial_dag.py
[2024-07-19T00:41:14.698+0000] {logging_mixin.py:188} INFO - [2024-07-19T00:41:14.698+0000] {dag.py:3089} INFO - Sync 1 DAGs
[2024-07-19T00:41:14.710+0000] {logging_mixin.py:188} INFO - [2024-07-19T00:41:14.710+0000] {dag.py:3947} INFO - Setting next_dagrun for tutorial_dag to None, run_after=None
[2024-07-19T00:41:14.726+0000] {processor.py:183} INFO - Processing /home/airflow/.local/lib/python3.12/site-packages/airflow/example_dags/tutorial_dag.py took 0.061 seconds
[2024-07-19T00:41:45.011+0000] {processor.py:161} INFO - Started process (PID=390) to work on /home/airflow/.local/lib/python3.12/site-packages/airflow/example_dags/tutorial_dag.py
[2024-07-19T00:41:45.012+0000] {processor.py:830} INFO - Processing file /home/airflow/.local/lib/python3.12/site-packages/airflow/example_dags/tutorial_dag.py for tasks to queue
[2024-07-19T00:41:45.013+0000] {logging_mixin.py:188} INFO - [2024-07-19T00:41:45.013+0000] {dagbag.py:545} INFO - Filling up the DagBag from /home/airflow/.local/lib/python3.12/site-packages/airflow/example_dags/tutorial_dag.py
[2024-07-19T00:41:45.018+0000] {processor.py:840} INFO - DAG(s) 'tutorial_dag' retrieved from /home/airflow/.local/lib/python3.12/site-packages/airflow/example_dags/tutorial_dag.py
[2024-07-19T00:41:45.037+0000] {logging_mixin.py:188} INFO - [2024-07-19T00:41:45.037+0000] {dag.py:3089} INFO - Sync 1 DAGs
[2024-07-19T00:41:45.049+0000] {logging_mixin.py:188} INFO - [2024-07-19T00:41:45.048+0000] {dag.py:3947} INFO - Setting next_dagrun for tutorial_dag to None, run_after=None
[2024-07-19T00:41:45.063+0000] {processor.py:183} INFO - Processing /home/airflow/.local/lib/python3.12/site-packages/airflow/example_dags/tutorial_dag.py took 0.058 seconds
