[2024-07-19T00:39:11.446+0000] {processor.py:161} INFO - Started process (PID=99) to work on /home/airflow/.local/lib/python3.12/site-packages/airflow/example_dags/tutorial.py
[2024-07-19T00:39:11.446+0000] {processor.py:830} INFO - Processing file /home/airflow/.local/lib/python3.12/site-packages/airflow/example_dags/tutorial.py for tasks to queue
[2024-07-19T00:39:11.448+0000] {logging_mixin.py:188} INFO - [2024-07-19T00:39:11.448+0000] {dagbag.py:545} INFO - Filling up the DagBag from /home/airflow/.local/lib/python3.12/site-packages/airflow/example_dags/tutorial.py
[2024-07-19T00:39:11.454+0000] {processor.py:840} INFO - DAG(s) 'tutorial' retrieved from /home/airflow/.local/lib/python3.12/site-packages/airflow/example_dags/tutorial.py
[2024-07-19T00:39:11.465+0000] {logging_mixin.py:188} INFO - [2024-07-19T00:39:11.465+0000] {dag.py:3089} INFO - Sync 1 DAGs
[2024-07-19T00:39:11.486+0000] {logging_mixin.py:188} INFO - [2024-07-19T00:39:11.486+0000] {dag.py:3947} INFO - Setting next_dagrun for tutorial to 2024-07-18 00:00:00+00:00, run_after=2024-07-19 00:00:00+00:00
[2024-07-19T00:39:11.502+0000] {processor.py:183} INFO - Processing /home/airflow/.local/lib/python3.12/site-packages/airflow/example_dags/tutorial.py took 0.062 seconds
[2024-07-19T00:39:43.606+0000] {processor.py:161} INFO - Started process (PID=157) to work on /home/airflow/.local/lib/python3.12/site-packages/airflow/example_dags/tutorial.py
[2024-07-19T00:39:43.607+0000] {processor.py:830} INFO - Processing file /home/airflow/.local/lib/python3.12/site-packages/airflow/example_dags/tutorial.py for tasks to queue
[2024-07-19T00:39:43.608+0000] {logging_mixin.py:188} INFO - [2024-07-19T00:39:43.608+0000] {dagbag.py:545} INFO - Filling up the DagBag from /home/airflow/.local/lib/python3.12/site-packages/airflow/example_dags/tutorial.py
[2024-07-19T00:39:43.614+0000] {processor.py:840} INFO - DAG(s) 'tutorial' retrieved from /home/airflow/.local/lib/python3.12/site-packages/airflow/example_dags/tutorial.py
[2024-07-19T00:39:43.711+0000] {logging_mixin.py:188} INFO - [2024-07-19T00:39:43.711+0000] {dag.py:3089} INFO - Sync 1 DAGs
[2024-07-19T00:39:43.728+0000] {logging_mixin.py:188} INFO - [2024-07-19T00:39:43.728+0000] {dag.py:3947} INFO - Setting next_dagrun for tutorial to 2024-07-18 00:00:00+00:00, run_after=2024-07-19 00:00:00+00:00
[2024-07-19T00:39:43.744+0000] {processor.py:183} INFO - Processing /home/airflow/.local/lib/python3.12/site-packages/airflow/example_dags/tutorial.py took 0.144 seconds
[2024-07-19T00:40:14.113+0000] {processor.py:161} INFO - Started process (PID=215) to work on /home/airflow/.local/lib/python3.12/site-packages/airflow/example_dags/tutorial.py
[2024-07-19T00:40:14.114+0000] {processor.py:830} INFO - Processing file /home/airflow/.local/lib/python3.12/site-packages/airflow/example_dags/tutorial.py for tasks to queue
[2024-07-19T00:40:14.116+0000] {logging_mixin.py:188} INFO - [2024-07-19T00:40:14.115+0000] {dagbag.py:545} INFO - Filling up the DagBag from /home/airflow/.local/lib/python3.12/site-packages/airflow/example_dags/tutorial.py
[2024-07-19T00:40:14.121+0000] {processor.py:840} INFO - DAG(s) 'tutorial' retrieved from /home/airflow/.local/lib/python3.12/site-packages/airflow/example_dags/tutorial.py
[2024-07-19T00:40:14.139+0000] {logging_mixin.py:188} INFO - [2024-07-19T00:40:14.139+0000] {dag.py:3089} INFO - Sync 1 DAGs
[2024-07-19T00:40:14.158+0000] {logging_mixin.py:188} INFO - [2024-07-19T00:40:14.158+0000] {dag.py:3947} INFO - Setting next_dagrun for tutorial to 2024-07-18 00:00:00+00:00, run_after=2024-07-19 00:00:00+00:00
[2024-07-19T00:40:14.173+0000] {processor.py:183} INFO - Processing /home/airflow/.local/lib/python3.12/site-packages/airflow/example_dags/tutorial.py took 0.064 seconds
[2024-07-19T00:40:44.271+0000] {processor.py:161} INFO - Started process (PID=273) to work on /home/airflow/.local/lib/python3.12/site-packages/airflow/example_dags/tutorial.py
[2024-07-19T00:40:44.272+0000] {processor.py:830} INFO - Processing file /home/airflow/.local/lib/python3.12/site-packages/airflow/example_dags/tutorial.py for tasks to queue
[2024-07-19T00:40:44.274+0000] {logging_mixin.py:188} INFO - [2024-07-19T00:40:44.274+0000] {dagbag.py:545} INFO - Filling up the DagBag from /home/airflow/.local/lib/python3.12/site-packages/airflow/example_dags/tutorial.py
[2024-07-19T00:40:44.279+0000] {processor.py:840} INFO - DAG(s) 'tutorial' retrieved from /home/airflow/.local/lib/python3.12/site-packages/airflow/example_dags/tutorial.py
[2024-07-19T00:40:44.297+0000] {logging_mixin.py:188} INFO - [2024-07-19T00:40:44.297+0000] {dag.py:3089} INFO - Sync 1 DAGs
[2024-07-19T00:40:44.318+0000] {logging_mixin.py:188} INFO - [2024-07-19T00:40:44.318+0000] {dag.py:3947} INFO - Setting next_dagrun for tutorial to 2024-07-18 00:00:00+00:00, run_after=2024-07-19 00:00:00+00:00
[2024-07-19T00:40:44.334+0000] {processor.py:183} INFO - Processing /home/airflow/.local/lib/python3.12/site-packages/airflow/example_dags/tutorial.py took 0.068 seconds
[2024-07-19T00:41:14.589+0000] {processor.py:161} INFO - Started process (PID=331) to work on /home/airflow/.local/lib/python3.12/site-packages/airflow/example_dags/tutorial.py
[2024-07-19T00:41:14.590+0000] {processor.py:830} INFO - Processing file /home/airflow/.local/lib/python3.12/site-packages/airflow/example_dags/tutorial.py for tasks to queue
[2024-07-19T00:41:14.592+0000] {logging_mixin.py:188} INFO - [2024-07-19T00:41:14.592+0000] {dagbag.py:545} INFO - Filling up the DagBag from /home/airflow/.local/lib/python3.12/site-packages/airflow/example_dags/tutorial.py
[2024-07-19T00:41:14.597+0000] {processor.py:840} INFO - DAG(s) 'tutorial' retrieved from /home/airflow/.local/lib/python3.12/site-packages/airflow/example_dags/tutorial.py
[2024-07-19T00:41:14.615+0000] {logging_mixin.py:188} INFO - [2024-07-19T00:41:14.615+0000] {dag.py:3089} INFO - Sync 1 DAGs
[2024-07-19T00:41:14.634+0000] {logging_mixin.py:188} INFO - [2024-07-19T00:41:14.634+0000] {dag.py:3947} INFO - Setting next_dagrun for tutorial to 2024-07-18 00:00:00+00:00, run_after=2024-07-19 00:00:00+00:00
[2024-07-19T00:41:14.648+0000] {processor.py:183} INFO - Processing /home/airflow/.local/lib/python3.12/site-packages/airflow/example_dags/tutorial.py took 0.064 seconds
[2024-07-19T00:41:44.919+0000] {processor.py:161} INFO - Started process (PID=389) to work on /home/airflow/.local/lib/python3.12/site-packages/airflow/example_dags/tutorial.py
[2024-07-19T00:41:44.920+0000] {processor.py:830} INFO - Processing file /home/airflow/.local/lib/python3.12/site-packages/airflow/example_dags/tutorial.py for tasks to queue
[2024-07-19T00:41:44.921+0000] {logging_mixin.py:188} INFO - [2024-07-19T00:41:44.921+0000] {dagbag.py:545} INFO - Filling up the DagBag from /home/airflow/.local/lib/python3.12/site-packages/airflow/example_dags/tutorial.py
[2024-07-19T00:41:44.926+0000] {processor.py:840} INFO - DAG(s) 'tutorial' retrieved from /home/airflow/.local/lib/python3.12/site-packages/airflow/example_dags/tutorial.py
[2024-07-19T00:41:44.945+0000] {logging_mixin.py:188} INFO - [2024-07-19T00:41:44.945+0000] {dag.py:3089} INFO - Sync 1 DAGs
[2024-07-19T00:41:44.964+0000] {logging_mixin.py:188} INFO - [2024-07-19T00:41:44.964+0000] {dag.py:3947} INFO - Setting next_dagrun for tutorial to 2024-07-18 00:00:00+00:00, run_after=2024-07-19 00:00:00+00:00
[2024-07-19T00:41:44.982+0000] {processor.py:183} INFO - Processing /home/airflow/.local/lib/python3.12/site-packages/airflow/example_dags/tutorial.py took 0.069 seconds
